2024-10-04 11:57:01,906 - INFO - Data Fetch Initiated......
2024-10-04 11:57:01,979 - INFO - Processing TOI: 231663901, RA: 318.736915161395, DEC: -55.8717944482812
2024-10-04 11:57:02,587 - INFO - Downloaded LC file: tess2020186164531-s0027-0000000231663901-0189-s_lc.fits for TOI: 231663901
2024-10-04 11:57:02,587 - INFO - Sleeping for 2.0 seconds to respect API limits
2024-10-04 11:57:04,587 - INFO - Resuming after sleep
2024-10-04 11:57:04,588 - INFO - Processing TOI: 231663901, RA: 318.736915161395, DEC: -55.8717944482812
2024-10-04 11:57:10,285 - INFO - Downloaded DVT file: tess2018206190142-s0001-s0036-0000000231663901-00471_dvt.fits for TOI: 231663901
2024-10-04 11:57:10,285 - INFO - Sleeping for 2.0 seconds to respect API limits
2024-10-04 11:57:12,285 - INFO - Resuming after sleep
2024-10-04 11:57:12,286 - INFO - Processing TOI: 231663901, RA: 318.736915161395, DEC: -55.8717944482812
2024-10-04 11:57:14,591 - INFO - Downloaded DVT file: tess2018206190142-s0001-s0069-0000000231663901-00810_dvt.fits for TOI: 231663901
2024-10-04 11:57:14,591 - INFO - Sleeping for 2.0 seconds to respect API limits
2024-10-04 11:57:16,592 - INFO - Resuming after sleep
2024-10-04 11:57:16,592 - INFO - Processing TOI: 231663901, RA: 318.736915161395, DEC: -55.8717944482812
2024-10-04 11:57:17,200 - INFO - Downloaded LC file: tess2018206045859-s0001-0000000231663901-0120-s_lc.fits for TOI: 231663901
2024-10-04 11:57:17,200 - INFO - Sleeping for 2.0 seconds to respect API limits
2024-10-04 11:57:19,200 - INFO - Resuming after sleep
2024-10-04 11:57:19,201 - INFO - Processing TOI: 231663901, RA: 318.736915161395, DEC: -55.8717944482812
2024-10-04 11:57:19,669 - INFO - Downloaded LC file: tess2023181235917-s0067-0000000231663901-0261-s_lc.fits for TOI: 231663901
2024-10-04 11:57:19,669 - INFO - Sleeping for 2.0 seconds to respect API limits
2024-10-04 11:57:21,669 - INFO - Resuming after sleep
2024-10-04 11:57:21,670 - INFO - Processing TOI: 149603524, RA: 87.1399740872908, DEC: -63.988440787086
2024-10-04 11:57:22,181 - INFO - Downloaded LC file: tess2018292075959-s0004-0000000149603524-0124-s_lc.fits for TOI: 149603524
2024-10-04 11:57:22,182 - INFO - Sleeping for 2.0 seconds to respect API limits
2024-10-04 11:57:24,183 - INFO - Resuming after sleep
2024-10-04 11:57:24,183 - INFO - Processing TOI: 149603524, RA: 87.1399740872908, DEC: -63.988440787086
2024-10-04 11:57:24,796 - INFO - Downloaded LC file: tess2021091135823-s0037-0000000149603524-0208-s_lc.fits for TOI: 149603524
2024-10-04 11:57:24,796 - INFO - Sleeping for 2.0 seconds to respect API limits
2024-10-04 11:57:26,797 - INFO - Resuming after sleep
2024-10-04 11:57:26,797 - INFO - Processing TOI: 149603524, RA: 87.1399740872908, DEC: -63.988440787086
2024-10-04 11:57:27,374 - INFO - Downloaded LC file: tess2023209231226-s0068-0000000149603524-0262-s_lc.fits for TOI: 149603524
2024-10-04 11:57:27,374 - INFO - Sleeping for 2.0 seconds to respect API limits
2024-10-04 11:57:29,375 - INFO - Resuming after sleep
2024-10-04 11:57:29,376 - INFO - Processing TOI: 149603524, RA: 87.1399740872908, DEC: -63.988440787086
2024-10-04 11:57:29,855 - INFO - Downloaded LC file: tess2023124020739-s0065-0000000149603524-0259-s_lc.fits for TOI: 149603524
2024-10-04 11:57:29,855 - INFO - Sleeping for 2.0 seconds to respect API limits
2024-10-04 11:57:31,856 - INFO - Resuming after sleep
2024-10-04 11:57:31,856 - INFO - Processing TOI: 149603524, RA: 87.1399740872908, DEC: -63.988440787086
2024-10-04 11:57:32,266 - INFO - Downloaded LC file: tess2021118034608-s0038-0000000149603524-0209-s_lc.fits for TOI: 149603524
2024-10-04 11:57:32,267 - INFO - Sleeping for 2.0 seconds to respect API limits
2024-10-04 11:57:34,268 - INFO - Resuming after sleep
2024-10-04 11:57:34,268 - INFO - Processing TOI: 149603524, RA: 87.1399740872908, DEC: -63.988440787086
2024-10-04 11:57:34,268 - INFO - Skipping LC for TOI 149603524 (limit reached).
2024-10-04 11:57:34,268 - INFO - Processing TOI: 149603524, RA: 87.1399740872908, DEC: -63.988440787086
2024-10-04 11:57:34,268 - INFO - Skipping LC for TOI 149603524 (limit reached).
2024-10-04 11:57:34,269 - INFO - Processing TOI: 149603524, RA: 87.1399740872908, DEC: -63.988440787086
2024-10-04 11:57:34,269 - INFO - Skipping LC for TOI 149603524 (limit reached).
2024-10-04 11:57:34,269 - INFO - Processing TOI: 149603524, RA: 87.1399740872908, DEC: -63.988440787086
2024-10-04 11:57:36,932 - INFO - Downloaded DVT file: tess2018206190142-s0001-s0009-0000000149603524-00205_dvt.fits for TOI: 149603524
2024-10-04 11:57:36,932 - INFO - Sleeping for 2.0 seconds to respect API limits
2024-10-04 11:57:38,932 - INFO - Resuming after sleep
2024-10-04 11:57:38,933 - INFO - Processing TOI: 149603524, RA: 87.1399740872908, DEC: -63.988440787086
2024-10-04 11:57:38,933 - INFO - Skipping LC for TOI 149603524 (limit reached).
2024-10-04 11:57:38,933 - INFO - Processing TOI: 149603524, RA: 87.1399740872908, DEC: -63.988440787086
2024-10-04 11:57:38,933 - INFO - Skipping LC for TOI 149603524 (limit reached).
2024-10-04 11:57:38,933 - INFO - Processing TOI: 149603524, RA: 87.1399740872908, DEC: -63.988440787086
2024-10-04 11:57:38,933 - INFO - Skipping LC for TOI 149603524 (limit reached).
2024-10-04 11:57:38,933 - INFO - Processing TOI: 149603524, RA: 87.1399740872908, DEC: -63.988440787086
2024-10-04 11:57:38,933 - INFO - Skipping LC for TOI 149603524 (limit reached).
2024-10-04 11:57:38,933 - INFO - Processing TOI: 149603524, RA: 87.1399740872908, DEC: -63.988440787086
2024-10-04 11:57:42,083 - INFO - Downloaded DVT file: tess2018206190142-s0001-s0069-0000000149603524-00810_dvt.fits for TOI: 149603524
2024-10-04 11:57:42,083 - INFO - Sleeping for 2.0 seconds to respect API limits
2024-10-04 11:57:44,083 - INFO - Resuming after sleep
2024-10-04 11:57:44,084 - INFO - Processing TOI: 149603524, RA: 87.1399740872908, DEC: -63.988440787086
2024-10-04 11:57:44,084 - INFO - Skipping LC for TOI 149603524 (limit reached).
2024-10-04 11:57:44,084 - INFO - Processing TOI: 149603524, RA: 87.1399740872908, DEC: -63.988440787086
2024-10-04 11:57:44,084 - INFO - Skipping LC for TOI 149603524 (limit reached).
2024-10-04 11:57:44,084 - INFO - Processing TOI: 149603524, RA: 87.1399740872908, DEC: -63.988440787086
2024-10-04 11:57:44,084 - INFO - Skipping LC for TOI 149603524 (limit reached).
2024-10-04 11:57:44,084 - INFO - Processing TOI: 149603524, RA: 87.1399740872908, DEC: -63.988440787086
2024-10-04 11:57:44,084 - INFO - Skipping LC for TOI 149603524 (limit reached).
2024-10-04 11:57:44,084 - INFO - Processing TOI: 149603524, RA: 87.1399740872908, DEC: -63.988440787086
2024-10-04 11:57:45,126 - INFO - Downloaded DVT file: tess2018206190142-s0001-s0003-0000000149603524-00129_dvt.fits for TOI: 149603524
2024-10-04 11:57:45,127 - INFO - Sleeping for 2.0 seconds to respect API limits
2024-10-04 11:57:47,127 - INFO - Resuming after sleep
2024-10-04 11:57:47,128 - INFO - Processing TOI: 149603524, RA: 87.1399740872908, DEC: -63.988440787086
2024-10-04 11:57:52,622 - INFO - Downloaded DVT file: tess2018206190142-s0001-s0036-0000000149603524-00471_dvt.fits for TOI: 149603524
2024-10-04 11:57:52,622 - INFO - Sleeping for 2.0 seconds to respect API limits
2024-10-04 11:57:54,623 - INFO - Resuming after sleep
2024-10-04 11:57:54,623 - INFO - Processing TOI: 149603524, RA: 87.1399740872908, DEC: -63.988440787086
2024-10-04 11:57:54,623 - INFO - Skipping LC for TOI 149603524 (limit reached).
2024-10-04 11:57:54,623 - INFO - Processing TOI: 149603524, RA: 87.1399740872908, DEC: -63.988440787086
2024-10-04 11:57:54,623 - INFO - Skipping LC for TOI 149603524 (limit reached).
2024-10-04 11:57:54,624 - INFO - Processing TOI: 149603524, RA: 87.1399740872908, DEC: -63.988440787086
2024-10-04 11:57:56,866 - INFO - Downloaded DVT file: tess2018206190142-s0001-s0013-0000000149603524-00226_dvt.fits for TOI: 149603524
2024-10-04 11:57:56,866 - INFO - Sleeping for 2.0 seconds to respect API limits
2024-10-04 11:57:58,867 - INFO - Resuming after sleep
2024-10-04 11:57:58,867 - INFO - Processing TOI: 149603524, RA: 87.1399740872908, DEC: -63.988440787086
2024-10-04 11:57:58,867 - INFO - Skipping LC for TOI 149603524 (limit reached).
2024-10-04 11:57:58,868 - INFO - Processing TOI: 149603524, RA: 87.1399740872908, DEC: -63.988440787086
2024-10-04 11:57:58,868 - INFO - Skipping LC for TOI 149603524 (limit reached).
2024-10-04 11:57:58,868 - INFO - Processing TOI: 149603524, RA: 87.1399740872908, DEC: -63.988440787086
2024-10-04 11:57:58,868 - INFO - Skipping LC for TOI 149603524 (limit reached).
2024-10-04 11:57:58,868 - INFO - Processing TOI: 149603524, RA: 87.1399740872908, DEC: -63.988440787086
2024-10-04 11:57:58,868 - INFO - Skipping LC for TOI 149603524 (limit reached).
2024-10-04 11:57:58,868 - INFO - Processing TOI: 149603524, RA: 87.1399740872908, DEC: -63.988440787086
2024-10-04 11:57:58,868 - INFO - Skipping LC for TOI 149603524 (limit reached).
2024-10-04 11:57:58,868 - INFO - Processing TOI: 149603524, RA: 87.1399740872908, DEC: -63.988440787086
2024-10-04 11:57:58,868 - INFO - Skipping LC for TOI 149603524 (limit reached).
2024-10-04 11:57:58,868 - INFO - Processing TOI: 149603524, RA: 87.1399740872908, DEC: -63.988440787086
2024-10-04 11:57:58,868 - INFO - Skipping DVT for TOI 149603524 (limit reached).
2024-10-04 11:57:58,868 - INFO - Processing TOI: 149603524, RA: 87.1399740872908, DEC: -63.988440787086
2024-10-04 11:57:58,868 - INFO - Skipping LC for TOI 149603524 (limit reached).
2024-10-04 11:57:58,868 - INFO - Processing TOI: 149603524, RA: 87.1399740872908, DEC: -63.988440787086
2024-10-04 11:57:58,868 - INFO - Skipping DVT for TOI 149603524 (limit reached).
2024-10-04 11:57:58,868 - INFO - Processing TOI: 149603524, RA: 87.1399740872908, DEC: -63.988440787086
2024-10-04 11:57:58,868 - INFO - Skipping LC for TOI 149603524 (limit reached).
2024-10-04 11:57:58,868 - INFO - Processing TOI: 149603524, RA: 87.1399740872908, DEC: -63.988440787086
2024-10-04 11:57:58,868 - INFO - Skipping DVT for TOI 149603524 (limit reached).
2024-10-04 11:57:58,868 - INFO - Processing TOI: 149603524, RA: 87.1399740872908, DEC: -63.988440787086
2024-10-04 11:57:58,868 - INFO - Skipping LC for TOI 149603524 (limit reached).
2024-10-04 11:57:58,868 - INFO - Processing TOI: 149603524, RA: 87.1399740872908, DEC: -63.988440787086
2024-10-04 11:57:58,868 - INFO - Skipping LC for TOI 149603524 (limit reached).
2024-10-04 11:57:58,868 - INFO - Processing TOI: 149603524, RA: 87.1399740872908, DEC: -63.988440787086
2024-10-04 11:57:58,869 - INFO - Skipping LC for TOI 149603524 (limit reached).
2024-10-04 11:57:58,869 - INFO - Processing TOI: 149603524, RA: 87.1399740872908, DEC: -63.988440787086
2024-10-04 11:57:58,869 - INFO - Skipping LC for TOI 149603524 (limit reached).
2024-10-04 11:57:58,869 - INFO - Processing TOI: 336732616, RA: 312.457438595966, DEC: -24.4287610609148
2024-10-04 11:57:59,302 - INFO - Downloaded LC file: tess2018206045859-s0001-0000000336732616-0120-s_lc.fits for TOI: 336732616
2024-10-04 11:57:59,302 - INFO - Sleeping for 2.0 seconds to respect API limits
2024-10-04 11:58:01,302 - INFO - Resuming after sleep
2024-10-04 11:58:01,303 - INFO - Processing TOI: 231670397, RA: 319.949610769276, DEC: -58.1488869526779
2024-10-04 11:58:01,847 - INFO - Downloaded LC file: tess2020186164531-s0027-0000000231670397-0189-s_lc.fits for TOI: 231670397
2024-10-04 11:58:01,847 - INFO - Sleeping for 2.0 seconds to respect API limits
2024-10-04 11:58:03,848 - INFO - Resuming after sleep
2024-10-04 11:58:03,848 - INFO - Processing TOI: 231670397, RA: 319.949610769276, DEC: -58.1488869526779
2024-10-04 11:58:04,507 - INFO - Downloaded LC file: tess2018206045859-s0001-0000000231670397-0120-s_lc.fits for TOI: 231670397
2024-10-04 11:58:04,507 - INFO - Sleeping for 2.0 seconds to respect API limits
