2024-10-04 11:41:41,891 - INFO - Data Fetch Initiated......
2024-10-04 11:41:42,064 - INFO - Processing TOI: 231663901, RA: 318.736915161395, DEC: -55.8717944482812
2024-10-04 11:41:42,772 - INFO - Downloaded LC file: tess2020186164531-s0027-0000000231663901-0189-s_lc.fits for TOI: 231663901
2024-10-04 11:41:42,772 - INFO - Sleeping for 2.0 seconds to respect API limits
2024-10-04 11:41:44,772 - INFO - Resuming after sleep
2024-10-04 11:41:44,773 - INFO - Processing TOI: 231663901, RA: 318.736915161395, DEC: -55.8717944482812
2024-10-04 11:41:50,068 - INFO - Downloaded DVT file: tess2018206190142-s0001-s0036-0000000231663901-00471_dvt.fits for TOI: 231663901
2024-10-04 11:41:50,068 - INFO - Sleeping for 2.0 seconds to respect API limits
2024-10-04 11:41:52,068 - INFO - Resuming after sleep
2024-10-04 11:41:52,068 - INFO - Processing TOI: 231663901, RA: 318.736915161395, DEC: -55.8717944482812
2024-10-04 11:41:54,244 - INFO - Downloaded DVT file: tess2018206190142-s0001-s0069-0000000231663901-00810_dvt.fits for TOI: 231663901
2024-10-04 11:41:54,245 - INFO - Sleeping for 2.0 seconds to respect API limits
2024-10-04 11:41:56,245 - INFO - Resuming after sleep
2024-10-04 11:41:56,245 - INFO - Processing TOI: 231663901, RA: 318.736915161395, DEC: -55.8717944482812
2024-10-04 11:41:57,052 - INFO - Downloaded LC file: tess2018206045859-s0001-0000000231663901-0120-s_lc.fits for TOI: 231663901
2024-10-04 11:41:57,052 - INFO - Sleeping for 2.0 seconds to respect API limits
2024-10-04 11:41:59,053 - INFO - Resuming after sleep
2024-10-04 11:41:59,053 - INFO - Processing TOI: 231663901, RA: 318.736915161395, DEC: -55.8717944482812
2024-10-04 11:41:59,583 - INFO - Downloaded LC file: tess2023181235917-s0067-0000000231663901-0261-s_lc.fits for TOI: 231663901
2024-10-04 11:41:59,583 - INFO - Sleeping for 2.0 seconds to respect API limits
2024-10-04 11:42:01,584 - INFO - Resuming after sleep
2024-10-04 11:42:01,584 - INFO - Processing TOI: 149603524, RA: 87.1399740872908, DEC: -63.988440787086
2024-10-04 11:42:02,078 - INFO - Downloaded LC file: tess2018292075959-s0004-0000000149603524-0124-s_lc.fits for TOI: 149603524
2024-10-04 11:42:02,078 - INFO - Sleeping for 2.0 seconds to respect API limits
2024-10-04 11:42:04,079 - INFO - Resuming after sleep
2024-10-04 11:42:04,081 - INFO - Processing TOI: 149603524, RA: 87.1399740872908, DEC: -63.988440787086
2024-10-04 11:42:04,826 - INFO - Downloaded LC file: tess2021091135823-s0037-0000000149603524-0208-s_lc.fits for TOI: 149603524
2024-10-04 11:42:04,826 - INFO - Sleeping for 2.0 seconds to respect API limits
2024-10-04 11:42:06,827 - INFO - Resuming after sleep
2024-10-04 11:42:06,827 - INFO - Processing TOI: 149603524, RA: 87.1399740872908, DEC: -63.988440787086
2024-10-04 11:42:07,417 - INFO - Downloaded LC file: tess2023209231226-s0068-0000000149603524-0262-s_lc.fits for TOI: 149603524
2024-10-04 11:42:07,417 - INFO - Sleeping for 2.0 seconds to respect API limits
2024-10-04 11:42:09,418 - INFO - Resuming after sleep
2024-10-04 11:42:09,418 - INFO - Processing TOI: 149603524, RA: 87.1399740872908, DEC: -63.988440787086
2024-10-04 11:42:10,067 - INFO - Downloaded LC file: tess2023124020739-s0065-0000000149603524-0259-s_lc.fits for TOI: 149603524
2024-10-04 11:42:10,067 - INFO - Sleeping for 2.0 seconds to respect API limits
2024-10-04 11:42:12,067 - INFO - Resuming after sleep
2024-10-04 11:42:12,068 - INFO - Processing TOI: 149603524, RA: 87.1399740872908, DEC: -63.988440787086
2024-10-04 11:42:12,728 - INFO - Downloaded LC file: tess2021118034608-s0038-0000000149603524-0209-s_lc.fits for TOI: 149603524
2024-10-04 11:42:12,728 - INFO - Sleeping for 2.0 seconds to respect API limits
2024-10-04 11:42:14,729 - INFO - Resuming after sleep
2024-10-04 11:42:14,729 - INFO - Processing TOI: 149603524, RA: 87.1399740872908, DEC: -63.988440787086
2024-10-04 11:42:15,444 - INFO - Downloaded LC file: tess2018263035959-s0003-0000000149603524-0123-s_lc.fits for TOI: 149603524
2024-10-04 11:42:15,445 - INFO - Sleeping for 2.0 seconds to respect API limits
2024-10-04 11:42:17,445 - INFO - Resuming after sleep
2024-10-04 11:42:17,446 - INFO - Processing TOI: 149603524, RA: 87.1399740872908, DEC: -63.988440787086
2024-10-04 11:42:18,093 - INFO - Downloaded LC file: tess2018234235059-s0002-0000000149603524-0121-s_lc.fits for TOI: 149603524
2024-10-04 11:42:18,093 - INFO - Sleeping for 2.0 seconds to respect API limits
2024-10-04 11:42:20,094 - INFO - Resuming after sleep
2024-10-04 11:42:20,095 - INFO - Processing TOI: 149603524, RA: 87.1399740872908, DEC: -63.988440787086
2024-10-04 11:42:20,589 - INFO - Downloaded LC file: tess2018206045859-s0001-0000000149603524-0120-s_lc.fits for TOI: 149603524
2024-10-04 11:42:20,589 - INFO - Sleeping for 2.0 seconds to respect API limits
2024-10-04 11:42:22,590 - INFO - Resuming after sleep
2024-10-04 11:42:22,590 - INFO - Processing TOI: 149603524, RA: 87.1399740872908, DEC: -63.988440787086
2024-10-04 11:42:25,382 - INFO - Downloaded DVT file: tess2018206190142-s0001-s0009-0000000149603524-00205_dvt.fits for TOI: 149603524
2024-10-04 11:42:25,382 - INFO - Sleeping for 2.0 seconds to respect API limits
2024-10-04 11:42:27,383 - INFO - Resuming after sleep
2024-10-04 11:42:27,383 - INFO - Processing TOI: 149603524, RA: 87.1399740872908, DEC: -63.988440787086
2024-10-04 11:42:27,888 - INFO - Downloaded LC file: tess2020212050318-s0028-0000000149603524-0190-s_lc.fits for TOI: 149603524
2024-10-04 11:42:27,888 - INFO - Sleeping for 2.0 seconds to respect API limits
2024-10-04 11:42:29,889 - INFO - Resuming after sleep
2024-10-04 11:42:29,890 - INFO - Processing TOI: 149603524, RA: 87.1399740872908, DEC: -63.988440787086
2024-10-04 11:42:30,493 - INFO - Downloaded LC file: tess2019169103026-s0013-0000000149603524-0146-s_lc.fits for TOI: 149603524
2024-10-04 11:42:30,493 - INFO - Sleeping for 2.0 seconds to respect API limits
2024-10-04 11:42:32,493 - INFO - Resuming after sleep
2024-10-04 11:42:32,494 - INFO - Processing TOI: 149603524, RA: 87.1399740872908, DEC: -63.988440787086
2024-10-04 11:42:32,954 - INFO - Downloaded LC file: tess2023018032328-s0061-0000000149603524-0250-s_lc.fits for TOI: 149603524
2024-10-04 11:42:32,954 - INFO - Sleeping for 2.0 seconds to respect API limits
2024-10-04 11:42:34,955 - INFO - Resuming after sleep
2024-10-04 11:42:34,955 - INFO - Processing TOI: 149603524, RA: 87.1399740872908, DEC: -63.988440787086
2024-10-04 11:42:35,390 - INFO - Downloaded LC file: tess2019085135100-s0010-0000000149603524-0140-s_lc.fits for TOI: 149603524
2024-10-04 11:42:35,390 - INFO - Sleeping for 2.0 seconds to respect API limits
2024-10-04 11:42:37,391 - INFO - Resuming after sleep
2024-10-04 11:42:37,391 - INFO - Processing TOI: 149603524, RA: 87.1399740872908, DEC: -63.988440787086
2024-10-04 11:42:40,242 - INFO - Downloaded DVT file: tess2018206190142-s0001-s0069-0000000149603524-00810_dvt.fits for TOI: 149603524
2024-10-04 11:42:40,242 - INFO - Sleeping for 2.0 seconds to respect API limits
2024-10-04 11:42:42,243 - INFO - Resuming after sleep
2024-10-04 11:42:42,244 - INFO - Processing TOI: 149603524, RA: 87.1399740872908, DEC: -63.988440787086
2024-10-04 11:42:42,790 - INFO - Downloaded LC file: tess2023096110322-s0064-0000000149603524-0257-s_lc.fits for TOI: 149603524
2024-10-04 11:42:42,790 - INFO - Sleeping for 2.0 seconds to respect API limits
2024-10-04 11:42:44,790 - INFO - Resuming after sleep
2024-10-04 11:42:44,791 - INFO - Processing TOI: 149603524, RA: 87.1399740872908, DEC: -63.988440787086
2024-10-04 11:42:45,304 - INFO - Downloaded LC file: tess2021146024351-s0039-0000000149603524-0210-s_lc.fits for TOI: 149603524
2024-10-04 11:42:45,304 - INFO - Sleeping for 2.0 seconds to respect API limits
2024-10-04 11:42:47,305 - INFO - Resuming after sleep
2024-10-04 11:42:47,305 - INFO - Processing TOI: 149603524, RA: 87.1399740872908, DEC: -63.988440787086
2024-10-04 11:42:47,854 - INFO - Downloaded LC file: tess2023237165326-s0069-0000000149603524-0264-s_lc.fits for TOI: 149603524
2024-10-04 11:42:47,854 - INFO - Sleeping for 2.0 seconds to respect API limits
2024-10-04 11:42:49,854 - INFO - Resuming after sleep
2024-10-04 11:42:49,854 - INFO - Processing TOI: 149603524, RA: 87.1399740872908, DEC: -63.988440787086
2024-10-04 11:42:50,500 - INFO - Downloaded LC file: tess2020324010417-s0032-0000000149603524-0200-s_lc.fits for TOI: 149603524
2024-10-04 11:42:50,500 - INFO - Sleeping for 2.0 seconds to respect API limits
2024-10-04 11:42:52,500 - INFO - Resuming after sleep
2024-10-04 11:42:52,501 - INFO - Processing TOI: 149603524, RA: 87.1399740872908, DEC: -63.988440787086
2024-10-04 11:42:53,415 - INFO - Downloaded DVT file: tess2018206190142-s0001-s0003-0000000149603524-00129_dvt.fits for TOI: 149603524
2024-10-04 11:42:53,415 - INFO - Sleeping for 2.0 seconds to respect API limits
2024-10-04 11:42:55,415 - INFO - Resuming after sleep
2024-10-04 11:42:55,415 - INFO - Processing TOI: 149603524, RA: 87.1399740872908, DEC: -63.988440787086
2024-10-04 11:43:01,081 - INFO - Downloaded DVT file: tess2018206190142-s0001-s0036-0000000149603524-00471_dvt.fits for TOI: 149603524
2024-10-04 11:43:01,081 - INFO - Sleeping for 2.0 seconds to respect API limits
2024-10-04 11:43:03,081 - INFO - Resuming after sleep
2024-10-04 11:43:03,082 - INFO - Processing TOI: 149603524, RA: 87.1399740872908, DEC: -63.988440787086
2024-10-04 11:43:04,337 - INFO - Downloaded LC file: tess2019032160000-s0008-0000000149603524-0136-s_lc.fits for TOI: 149603524
2024-10-04 11:43:04,337 - INFO - Sleeping for 2.0 seconds to respect API limits
2024-10-04 11:43:06,338 - INFO - Resuming after sleep
2024-10-04 11:43:06,339 - INFO - Processing TOI: 149603524, RA: 87.1399740872908, DEC: -63.988440787086
2024-10-04 11:43:07,633 - INFO - Downloaded LC file: tess2020186164531-s0027-0000000149603524-0189-s_lc.fits for TOI: 149603524
2024-10-04 11:43:07,633 - INFO - Sleeping for 2.0 seconds to respect API limits
2024-10-04 11:43:09,634 - INFO - Resuming after sleep
2024-10-04 11:43:09,634 - INFO - Processing TOI: 149603524, RA: 87.1399740872908, DEC: -63.988440787086
2024-10-04 11:43:12,060 - INFO - Downloaded DVT file: tess2018206190142-s0001-s0013-0000000149603524-00226_dvt.fits for TOI: 149603524
2024-10-04 11:43:12,060 - INFO - Sleeping for 2.0 seconds to respect API limits
