2024-10-04 11:02:21,022 - INFO - Data Fetch Initiated......
2024-10-04 11:02:21,091 - INFO - Processing TOI: 231663901, RA: 318.736915161395, DEC: -55.8717944482812
2024-10-04 11:02:22,673 - INFO - Downloaded LC file: tess2020186164531-s0027-0000000231663901-0189-s_lc.fits for TOI: 231663901
2024-10-04 11:02:22,674 - INFO - Sleeping for 2.0 seconds to respect API limits
2024-10-04 11:02:24,674 - INFO - Resuming after sleep
2024-10-04 11:02:24,677 - INFO - Processing TOI: 231663901, RA: 318.736915161395, DEC: -55.8717944482812
2024-10-04 11:02:30,444 - INFO - Downloaded DVT file: tess2018206190142-s0001-s0036-0000000231663901-00471_dvt.fits for TOI: 231663901
2024-10-04 11:02:30,444 - INFO - Sleeping for 2.0 seconds to respect API limits
2024-10-04 11:02:32,445 - INFO - Resuming after sleep
2024-10-04 11:02:32,447 - INFO - Processing TOI: 231663901, RA: 318.736915161395, DEC: -55.8717944482812
2024-10-04 11:02:34,788 - INFO - Downloaded DVT file: tess2018206190142-s0001-s0069-0000000231663901-00810_dvt.fits for TOI: 231663901
2024-10-04 11:02:34,788 - INFO - Sleeping for 2.0 seconds to respect API limits
2024-10-04 11:02:36,789 - INFO - Resuming after sleep
2024-10-04 11:02:36,790 - INFO - Processing TOI: 231663901, RA: 318.736915161395, DEC: -55.8717944482812
2024-10-04 11:02:37,589 - INFO - Downloaded LC file: tess2018206045859-s0001-0000000231663901-0120-s_lc.fits for TOI: 231663901
2024-10-04 11:02:37,589 - INFO - Sleeping for 2.0 seconds to respect API limits
2024-10-04 11:02:39,590 - INFO - Resuming after sleep
2024-10-04 11:02:39,591 - INFO - Processing TOI: 231663901, RA: 318.736915161395, DEC: -55.8717944482812
2024-10-04 11:02:40,090 - INFO - Downloaded LC file: tess2023181235917-s0067-0000000231663901-0261-s_lc.fits for TOI: 231663901
2024-10-04 11:02:40,090 - INFO - Sleeping for 2.0 seconds to respect API limits
2024-10-04 11:02:42,091 - INFO - Resuming after sleep
2024-10-04 11:02:42,091 - INFO - Processing TOI: 149603524, RA: 87.1399740872908, DEC: -63.988440787086
2024-10-04 11:02:42,653 - INFO - Downloaded LC file: tess2018292075959-s0004-0000000149603524-0124-s_lc.fits for TOI: 149603524
2024-10-04 11:02:42,653 - INFO - Sleeping for 2.0 seconds to respect API limits
2024-10-04 11:02:44,653 - INFO - Resuming after sleep
2024-10-04 11:02:44,654 - INFO - Processing TOI: 149603524, RA: 87.1399740872908, DEC: -63.988440787086
2024-10-04 11:02:45,167 - INFO - Downloaded LC file: tess2021091135823-s0037-0000000149603524-0208-s_lc.fits for TOI: 149603524
2024-10-04 11:02:45,167 - INFO - Sleeping for 2.0 seconds to respect API limits
2024-10-04 11:02:47,168 - INFO - Resuming after sleep
2024-10-04 11:02:47,168 - INFO - Processing TOI: 149603524, RA: 87.1399740872908, DEC: -63.988440787086
2024-10-04 11:02:47,833 - INFO - Downloaded LC file: tess2023209231226-s0068-0000000149603524-0262-s_lc.fits for TOI: 149603524
2024-10-04 11:02:47,833 - INFO - Sleeping for 2.0 seconds to respect API limits
2024-10-04 11:02:49,833 - INFO - Resuming after sleep
2024-10-04 11:02:49,836 - INFO - Processing TOI: 149603524, RA: 87.1399740872908, DEC: -63.988440787086
2024-10-04 11:02:50,530 - INFO - Downloaded LC file: tess2023124020739-s0065-0000000149603524-0259-s_lc.fits for TOI: 149603524
2024-10-04 11:02:50,530 - INFO - Sleeping for 2.0 seconds to respect API limits
2024-10-04 11:02:52,531 - INFO - Resuming after sleep
2024-10-04 11:02:52,531 - INFO - Processing TOI: 149603524, RA: 87.1399740872908, DEC: -63.988440787086
2024-10-04 11:02:53,185 - INFO - Downloaded LC file: tess2021118034608-s0038-0000000149603524-0209-s_lc.fits for TOI: 149603524
2024-10-04 11:02:53,185 - INFO - Sleeping for 2.0 seconds to respect API limits
2024-10-04 11:02:55,186 - INFO - Resuming after sleep
2024-10-04 11:02:55,186 - INFO - Processing TOI: 149603524, RA: 87.1399740872908, DEC: -63.988440787086
2024-10-04 11:02:55,765 - INFO - Downloaded LC file: tess2018263035959-s0003-0000000149603524-0123-s_lc.fits for TOI: 149603524
2024-10-04 11:02:55,765 - INFO - Sleeping for 2.0 seconds to respect API limits
2024-10-04 11:02:57,766 - INFO - Resuming after sleep
2024-10-04 11:02:57,767 - INFO - Processing TOI: 149603524, RA: 87.1399740872908, DEC: -63.988440787086
2024-10-04 11:02:58,379 - INFO - Downloaded LC file: tess2018234235059-s0002-0000000149603524-0121-s_lc.fits for TOI: 149603524
2024-10-04 11:02:58,379 - INFO - Sleeping for 2.0 seconds to respect API limits
2024-10-04 11:03:00,380 - INFO - Resuming after sleep
2024-10-04 11:03:00,381 - INFO - Processing TOI: 149603524, RA: 87.1399740872908, DEC: -63.988440787086
2024-10-04 11:03:00,933 - INFO - Downloaded LC file: tess2018206045859-s0001-0000000149603524-0120-s_lc.fits for TOI: 149603524
2024-10-04 11:03:00,933 - INFO - Sleeping for 2.0 seconds to respect API limits
2024-10-04 11:03:02,933 - INFO - Resuming after sleep
2024-10-04 11:03:02,934 - INFO - Processing TOI: 149603524, RA: 87.1399740872908, DEC: -63.988440787086
2024-10-04 11:03:05,429 - INFO - Downloaded DVT file: tess2018206190142-s0001-s0009-0000000149603524-00205_dvt.fits for TOI: 149603524
2024-10-04 11:03:05,429 - INFO - Sleeping for 2.0 seconds to respect API limits
2024-10-04 11:03:07,430 - INFO - Resuming after sleep
2024-10-04 11:03:07,431 - INFO - Processing TOI: 149603524, RA: 87.1399740872908, DEC: -63.988440787086
2024-10-04 11:03:07,930 - INFO - Downloaded LC file: tess2020212050318-s0028-0000000149603524-0190-s_lc.fits for TOI: 149603524
2024-10-04 11:03:07,930 - INFO - Sleeping for 2.0 seconds to respect API limits
2024-10-04 11:03:09,930 - INFO - Resuming after sleep
2024-10-04 11:03:09,931 - INFO - Processing TOI: 149603524, RA: 87.1399740872908, DEC: -63.988440787086
2024-10-04 11:03:10,415 - INFO - Downloaded LC file: tess2019169103026-s0013-0000000149603524-0146-s_lc.fits for TOI: 149603524
2024-10-04 11:03:10,415 - INFO - Sleeping for 2.0 seconds to respect API limits
2024-10-04 11:03:12,415 - INFO - Resuming after sleep
2024-10-04 11:03:12,415 - INFO - Processing TOI: 149603524, RA: 87.1399740872908, DEC: -63.988440787086
2024-10-04 11:03:13,024 - INFO - Downloaded LC file: tess2023018032328-s0061-0000000149603524-0250-s_lc.fits for TOI: 149603524
2024-10-04 11:03:13,024 - INFO - Sleeping for 2.0 seconds to respect API limits
2024-10-04 11:03:15,024 - INFO - Resuming after sleep
2024-10-04 11:03:15,025 - INFO - Processing TOI: 149603524, RA: 87.1399740872908, DEC: -63.988440787086
2024-10-04 11:03:15,698 - INFO - Downloaded LC file: tess2019085135100-s0010-0000000149603524-0140-s_lc.fits for TOI: 149603524
2024-10-04 11:03:15,698 - INFO - Sleeping for 2.0 seconds to respect API limits
2024-10-04 11:03:17,698 - INFO - Resuming after sleep
2024-10-04 11:03:17,699 - INFO - Processing TOI: 149603524, RA: 87.1399740872908, DEC: -63.988440787086
2024-10-04 11:03:20,552 - INFO - Downloaded DVT file: tess2018206190142-s0001-s0069-0000000149603524-00810_dvt.fits for TOI: 149603524
2024-10-04 11:03:20,552 - INFO - Sleeping for 2.0 seconds to respect API limits
2024-10-04 11:03:22,552 - INFO - Resuming after sleep
2024-10-04 11:03:22,552 - INFO - Processing TOI: 149603524, RA: 87.1399740872908, DEC: -63.988440787086
2024-10-04 11:03:23,045 - INFO - Downloaded LC file: tess2023096110322-s0064-0000000149603524-0257-s_lc.fits for TOI: 149603524
2024-10-04 11:03:23,045 - INFO - Sleeping for 2.0 seconds to respect API limits
2024-10-04 11:03:25,046 - INFO - Resuming after sleep
2024-10-04 11:03:25,046 - INFO - Processing TOI: 149603524, RA: 87.1399740872908, DEC: -63.988440787086
2024-10-04 11:03:25,571 - INFO - Downloaded LC file: tess2021146024351-s0039-0000000149603524-0210-s_lc.fits for TOI: 149603524
2024-10-04 11:03:25,571 - INFO - Sleeping for 2.0 seconds to respect API limits
2024-10-04 11:03:27,572 - INFO - Resuming after sleep
2024-10-04 11:03:27,572 - INFO - Processing TOI: 149603524, RA: 87.1399740872908, DEC: -63.988440787086
2024-10-04 11:03:28,154 - INFO - Downloaded LC file: tess2023237165326-s0069-0000000149603524-0264-s_lc.fits for TOI: 149603524
2024-10-04 11:03:28,155 - INFO - Sleeping for 2.0 seconds to respect API limits
2024-10-04 11:03:30,155 - INFO - Resuming after sleep
2024-10-04 11:03:30,155 - INFO - Processing TOI: 149603524, RA: 87.1399740872908, DEC: -63.988440787086
2024-10-04 11:03:30,752 - INFO - Downloaded LC file: tess2020324010417-s0032-0000000149603524-0200-s_lc.fits for TOI: 149603524
2024-10-04 11:03:30,752 - INFO - Sleeping for 2.0 seconds to respect API limits
2024-10-04 11:03:32,753 - INFO - Resuming after sleep
2024-10-04 11:03:32,754 - INFO - Processing TOI: 149603524, RA: 87.1399740872908, DEC: -63.988440787086
2024-10-04 11:03:33,739 - INFO - Downloaded DVT file: tess2018206190142-s0001-s0003-0000000149603524-00129_dvt.fits for TOI: 149603524
2024-10-04 11:03:33,739 - INFO - Sleeping for 2.0 seconds to respect API limits
2024-10-04 11:03:35,741 - INFO - Resuming after sleep
2024-10-04 11:03:35,741 - INFO - Processing TOI: 149603524, RA: 87.1399740872908, DEC: -63.988440787086
2024-10-04 11:03:42,540 - INFO - Downloaded DVT file: tess2018206190142-s0001-s0036-0000000149603524-00471_dvt.fits for TOI: 149603524
2024-10-04 11:03:42,540 - INFO - Sleeping for 2.0 seconds to respect API limits
2024-10-04 11:03:44,540 - INFO - Resuming after sleep
2024-10-04 11:03:44,541 - INFO - Processing TOI: 149603524, RA: 87.1399740872908, DEC: -63.988440787086
2024-10-04 11:03:45,167 - INFO - Downloaded LC file: tess2019032160000-s0008-0000000149603524-0136-s_lc.fits for TOI: 149603524
2024-10-04 11:03:45,167 - INFO - Sleeping for 2.0 seconds to respect API limits
2024-10-04 11:03:47,167 - INFO - Resuming after sleep
2024-10-04 11:03:47,168 - INFO - Processing TOI: 149603524, RA: 87.1399740872908, DEC: -63.988440787086
2024-10-04 11:03:47,722 - INFO - Downloaded LC file: tess2020186164531-s0027-0000000149603524-0189-s_lc.fits for TOI: 149603524
2024-10-04 11:03:47,722 - INFO - Sleeping for 2.0 seconds to respect API limits
2024-10-04 11:03:49,723 - INFO - Resuming after sleep
2024-10-04 11:03:49,723 - INFO - Processing TOI: 149603524, RA: 87.1399740872908, DEC: -63.988440787086
2024-10-04 11:03:51,911 - INFO - Downloaded DVT file: tess2018206190142-s0001-s0013-0000000149603524-00226_dvt.fits for TOI: 149603524
2024-10-04 11:03:51,911 - INFO - Sleeping for 2.0 seconds to respect API limits
2024-10-04 11:03:53,911 - INFO - Resuming after sleep
2024-10-04 11:03:53,912 - INFO - Processing TOI: 149603524, RA: 87.1399740872908, DEC: -63.988440787086
2024-10-04 11:03:54,523 - INFO - Downloaded LC file: tess2020266004630-s0030-0000000149603524-0195-s_lc.fits for TOI: 149603524
2024-10-04 11:03:54,523 - INFO - Sleeping for 2.0 seconds to respect API limits
2024-10-04 11:03:56,525 - INFO - Resuming after sleep
2024-10-04 11:03:56,525 - INFO - Processing TOI: 149603524, RA: 87.1399740872908, DEC: -63.988440787086
2024-10-04 11:03:57,158 - INFO - Downloaded LC file: tess2019006130736-s0007-0000000149603524-0131-s_lc.fits for TOI: 149603524
2024-10-04 11:03:57,158 - INFO - Sleeping for 2.0 seconds to respect API limits
2024-10-04 11:03:59,158 - INFO - Resuming after sleep
2024-10-04 11:03:59,158 - INFO - Processing TOI: 149603524, RA: 87.1399740872908, DEC: -63.988440787086
2024-10-04 11:03:59,660 - INFO - Downloaded LC file: tess2023043185947-s0062-0000000149603524-0254-s_lc.fits for TOI: 149603524
2024-10-04 11:03:59,660 - INFO - Sleeping for 2.0 seconds to respect API limits
2024-10-04 11:04:01,660 - INFO - Resuming after sleep
2024-10-04 11:04:01,660 - INFO - Processing TOI: 149603524, RA: 87.1399740872908, DEC: -63.988440787086
2024-10-04 11:04:02,171 - INFO - Downloaded LC file: tess2019140104343-s0012-0000000149603524-0144-s_lc.fits for TOI: 149603524
2024-10-04 11:04:02,171 - INFO - Sleeping for 2.0 seconds to respect API limits
2024-10-04 11:04:04,172 - INFO - Resuming after sleep
2024-10-04 11:04:04,172 - INFO - Processing TOI: 149603524, RA: 87.1399740872908, DEC: -63.988440787086
2024-10-04 11:04:04,968 - INFO - Downloaded LC file: tess2020238165205-s0029-0000000149603524-0193-s_lc.fits for TOI: 149603524
2024-10-04 11:04:04,968 - INFO - Sleeping for 2.0 seconds to respect API limits
2024-10-04 11:04:06,968 - INFO - Resuming after sleep
2024-10-04 11:04:06,969 - INFO - Processing TOI: 149603524, RA: 87.1399740872908, DEC: -63.988440787086
2024-10-04 11:04:07,566 - INFO - Downloaded LC file: tess2021065132309-s0036-0000000149603524-0207-s_lc.fits for TOI: 149603524
2024-10-04 11:04:07,566 - INFO - Sleeping for 2.0 seconds to respect API limits
2024-10-04 11:04:09,566 - INFO - Resuming after sleep
2024-10-04 11:04:09,567 - INFO - Processing TOI: 149603524, RA: 87.1399740872908, DEC: -63.988440787086
2024-10-04 11:04:15,863 - INFO - Downloaded DVT file: tess2018206190142-s0001-s0039-0000000149603524-00493_dvt.fits for TOI: 149603524
2024-10-04 11:04:15,863 - INFO - Sleeping for 2.0 seconds to respect API limits
2024-10-04 11:04:17,864 - INFO - Resuming after sleep
2024-10-04 11:04:17,864 - INFO - Processing TOI: 149603524, RA: 87.1399740872908, DEC: -63.988440787086
2024-10-04 11:04:18,351 - INFO - Downloaded LC file: tess2019112060037-s0011-0000000149603524-0143-s_lc.fits for TOI: 149603524
2024-10-04 11:04:18,351 - INFO - Sleeping for 2.0 seconds to respect API limits
2024-10-04 11:04:20,352 - INFO - Resuming after sleep
2024-10-04 11:04:20,354 - INFO - Processing TOI: 149603524, RA: 87.1399740872908, DEC: -63.988440787086
2024-10-04 11:04:22,145 - INFO - Downloaded DVT file: tess2018206190142-s0001-s0006-0000000149603524-00196_dvt.fits for TOI: 149603524
2024-10-04 11:04:22,145 - INFO - Sleeping for 2.0 seconds to respect API limits
2024-10-04 11:04:24,146 - INFO - Resuming after sleep
2024-10-04 11:04:24,147 - INFO - Processing TOI: 149603524, RA: 87.1399740872908, DEC: -63.988440787086
2024-10-04 11:04:24,700 - INFO - Downloaded LC file: tess2020294194027-s0031-0000000149603524-0198-s_lc.fits for TOI: 149603524
2024-10-04 11:04:24,700 - INFO - Sleeping for 2.0 seconds to respect API limits
2024-10-04 11:04:26,700 - INFO - Resuming after sleep
2024-10-04 11:04:26,701 - INFO - Processing TOI: 149603524, RA: 87.1399740872908, DEC: -63.988440787086
2024-10-04 11:04:29,338 - INFO - Downloaded DVT file: tess2018206190142-s0001-s0065-0000000149603524-00734_dvt.fits for TOI: 149603524
2024-10-04 11:04:29,338 - INFO - Sleeping for 2.0 seconds to respect API limits
2024-10-04 11:04:31,339 - INFO - Resuming after sleep
2024-10-04 11:04:31,340 - INFO - Processing TOI: 149603524, RA: 87.1399740872908, DEC: -63.988440787086
2024-10-04 11:04:31,880 - INFO - Downloaded LC file: tess2018349182500-s0006-0000000149603524-0126-s_lc.fits for TOI: 149603524
2024-10-04 11:04:31,880 - INFO - Sleeping for 2.0 seconds to respect API limits
2024-10-04 11:04:33,881 - INFO - Resuming after sleep
2024-10-04 11:04:33,881 - INFO - Processing TOI: 149603524, RA: 87.1399740872908, DEC: -63.988440787086
2024-10-04 11:04:34,424 - INFO - Downloaded LC file: tess2019058134432-s0009-0000000149603524-0139-s_lc.fits for TOI: 149603524
2024-10-04 11:04:34,424 - INFO - Sleeping for 2.0 seconds to respect API limits
2024-10-04 11:04:36,424 - INFO - Resuming after sleep
2024-10-04 11:04:36,425 - INFO - Processing TOI: 149603524, RA: 87.1399740872908, DEC: -63.988440787086
2024-10-04 11:04:37,066 - INFO - Downloaded LC file: tess2020351194500-s0033-0000000149603524-0203-s_lc.fits for TOI: 149603524
2024-10-04 11:04:37,066 - INFO - Sleeping for 2.0 seconds to respect API limits
2024-10-04 11:04:39,066 - INFO - Resuming after sleep
2024-10-04 11:04:39,067 - INFO - Processing TOI: 149603524, RA: 87.1399740872908, DEC: -63.988440787086
2024-10-04 11:04:39,539 - INFO - Downloaded LC file: tess2021014023720-s0034-0000000149603524-0204-s_lc.fits for TOI: 149603524
2024-10-04 11:04:39,539 - INFO - Sleeping for 2.0 seconds to respect API limits
2024-10-04 11:04:41,540 - INFO - Resuming after sleep
2024-10-04 11:04:41,540 - INFO - Processing TOI: 336732616, RA: 312.457438595966, DEC: -24.4287610609148
2024-10-04 11:04:42,190 - INFO - Downloaded LC file: tess2018206045859-s0001-0000000336732616-0120-s_lc.fits for TOI: 336732616
2024-10-04 11:04:42,190 - INFO - Sleeping for 2.0 seconds to respect API limits
2024-10-04 11:04:44,190 - INFO - Resuming after sleep
2024-10-04 11:04:44,190 - INFO - Processing TOI: 231670397, RA: 319.949610769276, DEC: -58.1488869526779
2024-10-04 11:04:44,935 - INFO - Downloaded LC file: tess2020186164531-s0027-0000000231670397-0189-s_lc.fits for TOI: 231670397
2024-10-04 11:04:44,936 - INFO - Sleeping for 2.0 seconds to respect API limits
2024-10-04 11:04:46,936 - INFO - Resuming after sleep
2024-10-04 11:04:46,937 - INFO - Processing TOI: 231670397, RA: 319.949610769276, DEC: -58.1488869526779
2024-10-04 11:04:47,521 - INFO - Downloaded LC file: tess2018206045859-s0001-0000000231670397-0120-s_lc.fits for TOI: 231670397
2024-10-04 11:04:47,521 - INFO - Sleeping for 2.0 seconds to respect API limits
2024-10-04 11:04:49,521 - INFO - Resuming after sleep
2024-10-04 11:04:49,522 - INFO - Processing TOI: 231670397, RA: 319.949610769276, DEC: -58.1488869526779
2024-10-04 11:04:50,106 - INFO - Downloaded LC file: tess2023181235917-s0067-0000000231670397-0261-s_lc.fits for TOI: 231670397
2024-10-04 11:04:50,106 - INFO - Sleeping for 2.0 seconds to respect API limits
2024-10-04 11:04:52,106 - INFO - Resuming after sleep
2024-10-04 11:04:52,107 - INFO - Processing TOI: 231670397, RA: 319.949610769276, DEC: -58.1488869526779
2024-10-04 11:04:54,480 - INFO - Downloaded DVT file: tess2018206190142-s0001-s0069-0000000231670397-00810_dvt.fits for TOI: 231670397
2024-10-04 11:04:54,480 - INFO - Sleeping for 2.0 seconds to respect API limits
2024-10-04 11:04:56,480 - INFO - Resuming after sleep
2024-10-04 11:04:56,481 - INFO - Processing TOI: 231670397, RA: 319.949610769276, DEC: -58.1488869526779
2024-10-04 11:05:01,933 - INFO - Downloaded DVT file: tess2018206190142-s0001-s0036-0000000231670397-00471_dvt.fits for TOI: 231670397
2024-10-04 11:05:01,933 - INFO - Sleeping for 2.0 seconds to respect API limits
2024-10-04 11:05:03,934 - INFO - Resuming after sleep
2024-10-04 11:05:03,935 - INFO - Processing TOI: 144065872, RA: 337.457232403397, DEC: -48.0030692351396
2024-10-04 11:05:04,536 - INFO - Downloaded LC file: tess2018206045859-s0001-0000000144065872-0120-s_lc.fits for TOI: 144065872
2024-10-04 11:05:04,536 - INFO - Sleeping for 2.0 seconds to respect API limits
2024-10-04 11:05:06,536 - INFO - Resuming after sleep
2024-10-04 11:05:06,536 - INFO - Processing TOI: 144065872, RA: 337.457232403397, DEC: -48.0030692351396
2024-10-04 11:05:06,994 - INFO - Downloaded LC file: tess2020212050318-s0028-0000000144065872-0190-s_lc.fits for TOI: 144065872
2024-10-04 11:05:06,994 - INFO - Sleeping for 2.0 seconds to respect API limits
2024-10-04 11:05:08,995 - INFO - Resuming after sleep
2024-10-04 11:05:08,996 - INFO - Processing TOI: 144065872, RA: 337.457232403397, DEC: -48.0030692351396
2024-10-04 11:05:14,899 - INFO - Downloaded DVT file: tess2018206190142-s0001-s0036-0000000144065872-00471_dvt.fits for TOI: 144065872
2024-10-04 11:05:14,899 - INFO - Sleeping for 2.0 seconds to respect API limits
2024-10-04 11:05:16,900 - INFO - Resuming after sleep
2024-10-04 11:05:16,900 - INFO - Processing TOI: 38846515, RA: 68.9597092399964, DEC: -64.0270368810381
2024-10-04 11:05:17,344 - INFO - Downloaded LC file: tess2018349182500-s0006-0000000038846515-0126-s_lc.fits for TOI: 38846515
2024-10-04 11:05:17,344 - INFO - Sleeping for 2.0 seconds to respect API limits
2024-10-04 11:05:19,344 - INFO - Resuming after sleep
2024-10-04 11:05:19,345 - INFO - Processing TOI: 38846515, RA: 68.9597092399964, DEC: -64.0270368810381
2024-10-04 11:05:19,938 - INFO - Downloaded LC file: tess2018292075959-s0004-0000000038846515-0124-s_lc.fits for TOI: 38846515
2024-10-04 11:05:19,938 - INFO - Sleeping for 2.0 seconds to respect API limits
2024-10-04 11:05:21,938 - INFO - Resuming after sleep
2024-10-04 11:05:21,941 - INFO - Processing TOI: 38846515, RA: 68.9597092399964, DEC: -64.0270368810381
2024-10-04 11:05:22,566 - INFO - Downloaded LC file: tess2021146024351-s0039-0000000038846515-0210-s_lc.fits for TOI: 38846515
2024-10-04 11:05:22,566 - INFO - Sleeping for 2.0 seconds to respect API limits
2024-10-04 11:05:24,566 - INFO - Resuming after sleep
2024-10-04 11:05:24,567 - INFO - Processing TOI: 38846515, RA: 68.9597092399964, DEC: -64.0270368810381
2024-10-04 11:05:25,704 - INFO - Downloaded LC file: tess2020186164531-s0027-0000000038846515-0189-s_lc.fits for TOI: 38846515
2024-10-04 11:05:25,704 - INFO - Sleeping for 2.0 seconds to respect API limits
2024-10-04 11:05:27,704 - INFO - Resuming after sleep
2024-10-04 11:05:27,705 - INFO - Processing TOI: 38846515, RA: 68.9597092399964, DEC: -64.0270368810381
2024-10-04 11:05:31,494 - INFO - Downloaded DVT file: tess2018206190142-s0001-s0006-0000000038846515-00196_dvt.fits for TOI: 38846515
2024-10-04 11:05:31,494 - INFO - Sleeping for 2.0 seconds to respect API limits
2024-10-04 11:05:33,494 - INFO - Resuming after sleep
2024-10-04 11:05:33,494 - INFO - Processing TOI: 38846515, RA: 68.9597092399964, DEC: -64.0270368810381
2024-10-04 11:05:39,346 - INFO - Downloaded DVT file: tess2018206190142-s0001-s0013-0000000038846515-00226_dvt.fits for TOI: 38846515
2024-10-04 11:05:39,346 - INFO - Sleeping for 2.0 seconds to respect API limits
2024-10-04 11:05:41,346 - INFO - Resuming after sleep
2024-10-04 11:05:41,352 - INFO - Processing TOI: 38846515, RA: 68.9597092399964, DEC: -64.0270368810381
2024-10-04 11:05:42,019 - INFO - Downloaded LC file: tess2023018032328-s0061-0000000038846515-0250-s_lc.fits for TOI: 38846515
2024-10-04 11:05:42,020 - INFO - Sleeping for 2.0 seconds to respect API limits
2024-10-04 11:05:44,020 - INFO - Resuming after sleep
2024-10-04 11:05:44,021 - INFO - Processing TOI: 38846515, RA: 68.9597092399964, DEC: -64.0270368810381
2024-10-04 11:05:44,581 - INFO - Downloaded LC file: tess2023181235917-s0067-0000000038846515-0261-s_lc.fits for TOI: 38846515
2024-10-04 11:05:44,581 - INFO - Sleeping for 2.0 seconds to respect API limits
2024-10-04 11:05:46,582 - INFO - Resuming after sleep
2024-10-04 11:05:46,582 - INFO - Processing TOI: 38846515, RA: 68.9597092399964, DEC: -64.0270368810381
2024-10-04 11:05:47,110 - INFO - Downloaded LC file: tess2020324010417-s0032-0000000038846515-0200-s_lc.fits for TOI: 38846515
2024-10-04 11:05:47,110 - INFO - Sleeping for 2.0 seconds to respect API limits
2024-10-04 11:05:49,111 - INFO - Resuming after sleep
2024-10-04 11:05:49,111 - INFO - Processing TOI: 38846515, RA: 68.9597092399964, DEC: -64.0270368810381
2024-10-04 11:05:51,590 - INFO - Downloaded DVT file: tess2018206190142-s0001-s0065-0000000038846515-00734_dvt.fits for TOI: 38846515
2024-10-04 11:05:51,590 - INFO - Sleeping for 2.0 seconds to respect API limits
2024-10-04 11:05:53,591 - INFO - Resuming after sleep
2024-10-04 11:05:53,591 - INFO - Processing TOI: 38846515, RA: 68.9597092399964, DEC: -64.0270368810381
2024-10-04 11:05:54,179 - INFO - Downloaded LC file: tess2018319095959-s0005-0000000038846515-0125-s_lc.fits for TOI: 38846515
2024-10-04 11:05:54,179 - INFO - Sleeping for 2.0 seconds to respect API limits
2024-10-04 11:05:56,180 - INFO - Resuming after sleep
2024-10-04 11:05:56,180 - INFO - Processing TOI: 38846515, RA: 68.9597092399964, DEC: -64.0270368810381
2024-10-04 11:05:56,830 - INFO - Downloaded LC file: tess2018234235059-s0002-0000000038846515-0121-s_lc.fits for TOI: 38846515
2024-10-04 11:05:56,830 - INFO - Sleeping for 2.0 seconds to respect API limits
2024-10-04 11:05:58,831 - INFO - Resuming after sleep
2024-10-04 11:05:58,831 - INFO - Processing TOI: 38846515, RA: 68.9597092399964, DEC: -64.0270368810381
2024-10-04 11:05:59,752 - INFO - Downloaded DVT file: tess2018206190142-s0001-s0003-0000000038846515-00129_dvt.fits for TOI: 38846515
2024-10-04 11:05:59,752 - INFO - Sleeping for 2.0 seconds to respect API limits
2024-10-04 11:06:01,753 - INFO - Resuming after sleep
2024-10-04 11:06:01,754 - INFO - Processing TOI: 38846515, RA: 68.9597092399964, DEC: -64.0270368810381
2024-10-04 11:06:02,421 - INFO - Downloaded LC file: tess2020351194500-s0033-0000000038846515-0203-s_lc.fits for TOI: 38846515
2024-10-04 11:06:02,421 - INFO - Sleeping for 2.0 seconds to respect API limits
2024-10-04 11:06:04,422 - INFO - Resuming after sleep
2024-10-04 11:06:04,423 - INFO - Processing TOI: 38846515, RA: 68.9597092399964, DEC: -64.0270368810381
2024-10-04 11:06:05,063 - INFO - Downloaded LC file: tess2021039152502-s0035-0000000038846515-0205-s_lc.fits for TOI: 38846515
2024-10-04 11:06:05,063 - INFO - Sleeping for 2.0 seconds to respect API limits
2024-10-04 11:06:07,063 - INFO - Resuming after sleep
2024-10-04 11:06:07,064 - INFO - Processing TOI: 38846515, RA: 68.9597092399964, DEC: -64.0270368810381
2024-10-04 11:06:07,757 - INFO - Downloaded LC file: tess2020238165205-s0029-0000000038846515-0193-s_lc.fits for TOI: 38846515
2024-10-04 11:06:07,757 - INFO - Sleeping for 2.0 seconds to respect API limits
2024-10-04 11:06:09,758 - INFO - Resuming after sleep
2024-10-04 11:06:09,758 - INFO - Processing TOI: 38846515, RA: 68.9597092399964, DEC: -64.0270368810381
2024-10-04 11:06:10,419 - INFO - Downloaded LC file: tess2023209231226-s0068-0000000038846515-0262-s_lc.fits for TOI: 38846515
2024-10-04 11:06:10,419 - INFO - Sleeping for 2.0 seconds to respect API limits
2024-10-04 11:06:12,421 - INFO - Resuming after sleep
2024-10-04 11:06:12,421 - INFO - Processing TOI: 38846515, RA: 68.9597092399964, DEC: -64.0270368810381
2024-10-04 11:06:12,999 - INFO - Downloaded LC file: tess2023069172124-s0063-0000000038846515-0255-s_lc.fits for TOI: 38846515
2024-10-04 11:06:12,999 - INFO - Sleeping for 2.0 seconds to respect API limits
2024-10-04 11:06:14,999 - INFO - Resuming after sleep
2024-10-04 11:06:15,000 - INFO - Processing TOI: 38846515, RA: 68.9597092399964, DEC: -64.0270368810381
2024-10-04 11:06:15,632 - INFO - Downloaded LC file: tess2023124020739-s0065-0000000038846515-0259-s_lc.fits for TOI: 38846515
2024-10-04 11:06:15,632 - INFO - Sleeping for 2.0 seconds to respect API limits
2024-10-04 11:06:17,633 - INFO - Resuming after sleep
2024-10-04 11:06:17,634 - INFO - Processing TOI: 38846515, RA: 68.9597092399964, DEC: -64.0270368810381
2024-10-04 11:06:18,321 - INFO - Downloaded LC file: tess2018206045859-s0001-0000000038846515-0120-s_lc.fits for TOI: 38846515
2024-10-04 11:06:18,321 - INFO - Sleeping for 2.0 seconds to respect API limits
2024-10-04 11:06:20,322 - INFO - Resuming after sleep
2024-10-04 11:06:20,323 - INFO - Processing TOI: 38846515, RA: 68.9597092399964, DEC: -64.0270368810381
2024-10-04 11:06:20,871 - INFO - Downloaded LC file: tess2020212050318-s0028-0000000038846515-0190-s_lc.fits for TOI: 38846515
2024-10-04 11:06:20,871 - INFO - Sleeping for 2.0 seconds to respect API limits
2024-10-04 11:06:22,871 - INFO - Resuming after sleep
2024-10-04 11:06:22,872 - INFO - Processing TOI: 38846515, RA: 68.9597092399964, DEC: -64.0270368810381
2024-10-04 11:06:23,440 - INFO - Downloaded LC file: tess2019032160000-s0008-0000000038846515-0136-s_lc.fits for TOI: 38846515
2024-10-04 11:06:23,440 - INFO - Sleeping for 2.0 seconds to respect API limits
2024-10-04 11:06:25,441 - INFO - Resuming after sleep
2024-10-04 11:06:25,441 - INFO - Processing TOI: 38846515, RA: 68.9597092399964, DEC: -64.0270368810381
2024-10-04 11:06:26,122 - INFO - Downloaded LC file: tess2023096110322-s0064-0000000038846515-0257-s_lc.fits for TOI: 38846515
2024-10-04 11:06:26,122 - INFO - Sleeping for 2.0 seconds to respect API limits
2024-10-04 11:06:28,123 - INFO - Resuming after sleep
2024-10-04 11:06:28,124 - INFO - Processing TOI: 38846515, RA: 68.9597092399964, DEC: -64.0270368810381
2024-10-04 11:06:33,947 - INFO - Downloaded DVT file: tess2018206190142-s0001-s0036-0000000038846515-00471_dvt.fits for TOI: 38846515
2024-10-04 11:06:33,947 - INFO - Sleeping for 2.0 seconds to respect API limits
2024-10-04 11:06:35,948 - INFO - Resuming after sleep
2024-10-04 11:06:35,948 - INFO - Processing TOI: 38846515, RA: 68.9597092399964, DEC: -64.0270368810381
2024-10-04 11:06:36,586 - INFO - Downloaded LC file: tess2019140104343-s0012-0000000038846515-0144-s_lc.fits for TOI: 38846515
2024-10-04 11:06:36,586 - INFO - Sleeping for 2.0 seconds to respect API limits
2024-10-04 11:06:38,587 - INFO - Resuming after sleep
2024-10-04 11:06:38,587 - INFO - Processing TOI: 38846515, RA: 68.9597092399964, DEC: -64.0270368810381
2024-10-04 11:06:41,452 - INFO - Downloaded DVT file: tess2018206190142-s0001-s0069-0000000038846515-00810_dvt.fits for TOI: 38846515
2024-10-04 11:06:41,452 - INFO - Sleeping for 2.0 seconds to respect API limits
2024-10-04 11:06:43,453 - INFO - Resuming after sleep
2024-10-04 11:06:43,453 - INFO - Processing TOI: 38846515, RA: 68.9597092399964, DEC: -64.0270368810381
2024-10-04 11:06:49,522 - INFO - Downloaded DVT file: tess2018206190142-s0001-s0039-0000000038846515-00493_dvt.fits for TOI: 38846515
2024-10-04 11:06:49,522 - INFO - Sleeping for 2.0 seconds to respect API limits
2024-10-04 11:06:51,522 - INFO - Resuming after sleep
2024-10-04 11:06:51,523 - INFO - Processing TOI: 38846515, RA: 68.9597092399964, DEC: -64.0270368810381
2024-10-04 11:06:52,028 - INFO - Downloaded LC file: tess2020294194027-s0031-0000000038846515-0198-s_lc.fits for TOI: 38846515
2024-10-04 11:06:52,029 - INFO - Sleeping for 2.0 seconds to respect API limits
2024-10-04 11:06:54,029 - INFO - Resuming after sleep
2024-10-04 11:06:54,030 - INFO - Processing TOI: 38846515, RA: 68.9597092399964, DEC: -64.0270368810381
2024-10-04 11:06:54,840 - INFO - Downloaded LC file: tess2019085135100-s0010-0000000038846515-0140-s_lc.fits for TOI: 38846515
2024-10-04 11:06:54,840 - INFO - Sleeping for 2.0 seconds to respect API limits
2024-10-04 11:06:56,840 - INFO - Resuming after sleep
2024-10-04 11:06:56,841 - INFO - Processing TOI: 38846515, RA: 68.9597092399964, DEC: -64.0270368810381
2024-10-04 11:06:57,383 - INFO - Downloaded LC file: tess2021065132309-s0036-0000000038846515-0207-s_lc.fits for TOI: 38846515
2024-10-04 11:06:57,383 - INFO - Sleeping for 2.0 seconds to respect API limits
2024-10-04 11:06:59,384 - INFO - Resuming after sleep
2024-10-04 11:06:59,385 - INFO - Processing TOI: 38846515, RA: 68.9597092399964, DEC: -64.0270368810381
2024-10-04 11:06:59,987 - INFO - Downloaded LC file: tess2019006130736-s0007-0000000038846515-0131-s_lc.fits for TOI: 38846515
2024-10-04 11:06:59,987 - INFO - Sleeping for 2.0 seconds to respect API limits
2024-10-04 11:07:01,988 - INFO - Resuming after sleep
2024-10-04 11:07:01,988 - INFO - Processing TOI: 38846515, RA: 68.9597092399964, DEC: -64.0270368810381
2024-10-04 11:07:03,842 - INFO - Downloaded DVT file: tess2018206190142-s0001-s0009-0000000038846515-00205_dvt.fits for TOI: 38846515
2024-10-04 11:07:03,842 - INFO - Sleeping for 2.0 seconds to respect API limits
2024-10-04 11:07:05,842 - INFO - Resuming after sleep
2024-10-04 11:07:05,843 - INFO - Processing TOI: 38846515, RA: 68.9597092399964, DEC: -64.0270368810381
2024-10-04 11:07:06,475 - INFO - Downloaded LC file: tess2018263035959-s0003-0000000038846515-0123-s_lc.fits for TOI: 38846515
2024-10-04 11:07:06,475 - INFO - Sleeping for 2.0 seconds to respect API limits
2024-10-04 11:07:08,476 - INFO - Resuming after sleep
2024-10-04 11:07:08,477 - INFO - Processing TOI: 38846515, RA: 68.9597092399964, DEC: -64.0270368810381
2024-10-04 11:07:09,001 - INFO - Downloaded LC file: tess2023043185947-s0062-0000000038846515-0254-s_lc.fits for TOI: 38846515
2024-10-04 11:07:09,001 - INFO - Sleeping for 2.0 seconds to respect API limits
2024-10-04 11:07:11,001 - INFO - Resuming after sleep
2024-10-04 11:07:11,002 - INFO - Processing TOI: 38846515, RA: 68.9597092399964, DEC: -64.0270368810381
2024-10-04 11:07:11,599 - INFO - Downloaded LC file: tess2021014023720-s0034-0000000038846515-0204-s_lc.fits for TOI: 38846515
2024-10-04 11:07:11,599 - INFO - Sleeping for 2.0 seconds to respect API limits
2024-10-04 11:07:13,599 - INFO - Resuming after sleep
2024-10-04 11:07:13,600 - INFO - Processing TOI: 38846515, RA: 68.9597092399964, DEC: -64.0270368810381
2024-10-04 11:07:14,136 - INFO - Downloaded LC file: tess2021118034608-s0038-0000000038846515-0209-s_lc.fits for TOI: 38846515
2024-10-04 11:07:14,137 - INFO - Sleeping for 2.0 seconds to respect API limits
2024-10-04 11:07:16,137 - INFO - Resuming after sleep
2024-10-04 11:07:16,138 - INFO - Processing TOI: 38846515, RA: 68.9597092399964, DEC: -64.0270368810381
2024-10-04 11:07:16,679 - INFO - Downloaded LC file: tess2019169103026-s0013-0000000038846515-0146-s_lc.fits for TOI: 38846515
2024-10-04 11:07:16,679 - INFO - Sleeping for 2.0 seconds to respect API limits
2024-10-04 11:07:18,680 - INFO - Resuming after sleep
2024-10-04 11:07:18,681 - INFO - Processing TOI: 38846515, RA: 68.9597092399964, DEC: -64.0270368810381
2024-10-04 11:07:19,192 - INFO - Downloaded LC file: tess2023237165326-s0069-0000000038846515-0264-s_lc.fits for TOI: 38846515
2024-10-04 11:07:19,192 - INFO - Sleeping for 2.0 seconds to respect API limits
2024-10-04 11:07:21,193 - INFO - Resuming after sleep
2024-10-04 11:07:21,194 - INFO - Processing TOI: 38846515, RA: 68.9597092399964, DEC: -64.0270368810381
2024-10-04 11:07:21,872 - INFO - Downloaded LC file: tess2019112060037-s0011-0000000038846515-0143-s_lc.fits for TOI: 38846515
2024-10-04 11:07:21,872 - INFO - Sleeping for 2.0 seconds to respect API limits
2024-10-04 11:07:23,873 - INFO - Resuming after sleep
2024-10-04 11:07:23,874 - INFO - Processing TOI: 38846515, RA: 68.9597092399964, DEC: -64.0270368810381
2024-10-04 11:07:24,946 - INFO - Downloaded LC file: tess2020266004630-s0030-0000000038846515-0195-s_lc.fits for TOI: 38846515
2024-10-04 11:07:24,946 - INFO - Sleeping for 2.0 seconds to respect API limits
2024-10-04 11:07:26,947 - INFO - Resuming after sleep
2024-10-04 11:07:26,947 - INFO - Processing TOI: 38846515, RA: 68.9597092399964, DEC: -64.0270368810381
2024-10-04 11:07:28,319 - INFO - Downloaded LC file: tess2019058134432-s0009-0000000038846515-0139-s_lc.fits for TOI: 38846515
2024-10-04 11:07:28,319 - INFO - Sleeping for 2.0 seconds to respect API limits
2024-10-04 11:07:30,320 - INFO - Resuming after sleep
2024-10-04 11:07:30,320 - INFO - Processing TOI: 38846515, RA: 68.9597092399964, DEC: -64.0270368810381
2024-10-04 11:07:30,869 - INFO - Downloaded LC file: tess2021091135823-s0037-0000000038846515-0208-s_lc.fits for TOI: 38846515
2024-10-04 11:07:30,869 - INFO - Sleeping for 2.0 seconds to respect API limits
2024-10-04 11:07:32,869 - INFO - Resuming after sleep
2024-10-04 11:07:32,870 - INFO - Processing TOI: 92352620, RA: 313.783102119552, DEC: -34.1355576898925
2024-10-04 11:07:33,375 - INFO - Downloaded LC file: tess2020186164531-s0027-0000000092352620-0189-s_lc.fits for TOI: 92352620
2024-10-04 11:07:33,375 - INFO - Sleeping for 2.0 seconds to respect API limits
2024-10-04 11:07:35,375 - INFO - Resuming after sleep
2024-10-04 11:07:35,375 - INFO - Processing TOI: 92352620, RA: 313.783102119552, DEC: -34.1355576898925
2024-10-04 11:07:36,018 - INFO - Downloaded LC file: tess2018206045859-s0001-0000000092352621-0120-s_lc.fits for TOI: 92352620
2024-10-04 11:07:36,018 - INFO - Sleeping for 2.0 seconds to respect API limits
2024-10-04 11:07:38,018 - INFO - Resuming after sleep
2024-10-04 11:07:38,019 - INFO - Processing TOI: 92352620, RA: 313.783102119552, DEC: -34.1355576898925
2024-10-04 11:07:43,510 - INFO - Downloaded DVT file: tess2018206190142-s0001-s0036-0000000092352620-00471_dvt.fits for TOI: 92352620
2024-10-04 11:07:43,510 - INFO - Sleeping for 2.0 seconds to respect API limits
2024-10-04 11:07:45,510 - INFO - Resuming after sleep
2024-10-04 11:07:45,511 - INFO - Processing TOI: 92352620, RA: 313.783102119552, DEC: -34.1355576898925
2024-10-04 11:07:46,065 - INFO - Downloaded LC file: tess2023209231226-s0068-0000000092352620-0262-s_lc.fits for TOI: 92352620
2024-10-04 11:07:46,065 - INFO - Sleeping for 2.0 seconds to respect API limits
2024-10-04 11:07:48,065 - INFO - Resuming after sleep
2024-10-04 11:07:48,066 - INFO - Processing TOI: 92352620, RA: 313.783102119552, DEC: -34.1355576898925
2024-10-04 11:07:48,573 - INFO - Downloaded LC file: tess2020186164531-s0027-0000000092352621-0189-s_lc.fits for TOI: 92352620
2024-10-04 11:07:48,573 - INFO - Sleeping for 2.0 seconds to respect API limits
2024-10-04 11:07:50,573 - INFO - Resuming after sleep
2024-10-04 11:07:50,574 - INFO - Processing TOI: 92352620, RA: 313.783102119552, DEC: -34.1355576898925
2024-10-04 11:07:51,202 - INFO - Downloaded LC file: tess2018206045859-s0001-0000000092352620-0120-s_lc.fits for TOI: 92352620
2024-10-04 11:07:51,202 - INFO - Sleeping for 2.0 seconds to respect API limits
2024-10-04 11:07:53,203 - INFO - Resuming after sleep
2024-10-04 11:07:53,203 - INFO - Processing TOI: 92352620, RA: 313.783102119552, DEC: -34.1355576898925
2024-10-04 11:07:53,745 - INFO - Downloaded LC file: tess2023209231226-s0068-0000000092352621-0262-s_lc.fits for TOI: 92352620
2024-10-04 11:07:53,745 - INFO - Sleeping for 2.0 seconds to respect API limits
2024-10-04 11:07:55,745 - INFO - Resuming after sleep
2024-10-04 11:07:55,745 - INFO - Processing TOI: 92352620, RA: 313.783102119552, DEC: -34.1355576898925
2024-10-04 11:07:58,884 - INFO - Downloaded DVT file: tess2018206190142-s0001-s0069-0000000092352620-00810_dvt.fits for TOI: 92352620
2024-10-04 11:07:58,884 - INFO - Sleeping for 2.0 seconds to respect API limits
2024-10-04 11:08:00,884 - INFO - Resuming after sleep
2024-10-04 11:08:00,885 - INFO - Processing TOI: 92352620, RA: 313.783102119552, DEC: -34.1355576898925
2024-10-04 11:08:04,020 - INFO - Downloaded DVT file: tess2018206190142-s0001-s0069-0000000092352621-00810_dvt.fits for TOI: 92352620
2024-10-04 11:08:04,020 - INFO - Sleeping for 2.0 seconds to respect API limits
2024-10-04 11:08:06,021 - INFO - Resuming after sleep
2024-10-04 11:08:06,021 - INFO - Processing TOI: 92352620, RA: 313.783102119552, DEC: -34.1355576898925
2024-10-04 11:08:13,739 - INFO - Downloaded DVT file: tess2018206190142-s0001-s0036-0000000092352621-00471_dvt.fits for TOI: 92352620
2024-10-04 11:08:13,739 - INFO - Sleeping for 2.0 seconds to respect API limits
2024-10-04 11:08:15,739 - INFO - Resuming after sleep
2024-10-04 11:08:15,739 - INFO - Processing TOI: 289793076, RA: 316.961463152312, DEC: -26.0966760700183
2024-10-04 11:08:16,399 - INFO - Downloaded LC file: tess2018206045859-s0001-0000000289793076-0120-s_lc.fits for TOI: 289793076
2024-10-04 11:08:16,399 - INFO - Sleeping for 2.0 seconds to respect API limits
2024-10-04 11:08:18,399 - INFO - Resuming after sleep
2024-10-04 11:08:18,400 - INFO - Processing TOI: 289793076, RA: 316.961463152312, DEC: -26.0966760700183
2024-10-04 11:08:23,870 - INFO - Downloaded DVT file: tess2018206190142-s0001-s0036-0000000289793076-00471_dvt.fits for TOI: 289793076
2024-10-04 11:08:23,870 - INFO - Sleeping for 2.0 seconds to respect API limits
2024-10-04 11:08:25,871 - INFO - Resuming after sleep
2024-10-04 11:08:25,872 - INFO - Processing TOI: 289793076, RA: 316.961463152312, DEC: -26.0966760700183
2024-10-04 11:08:26,395 - INFO - Downloaded LC file: tess2023209231226-s0068-0000000289793076-0262-s_lc.fits for TOI: 289793076
2024-10-04 11:08:26,395 - INFO - Sleeping for 2.0 seconds to respect API limits
2024-10-04 11:08:28,395 - INFO - Resuming after sleep
2024-10-04 11:08:28,396 - INFO - Processing TOI: 289793076, RA: 316.961463152312, DEC: -26.0966760700183
2024-10-04 11:08:28,890 - INFO - Downloaded LC file: tess2020212050318-s0028-0000000289793076-0190-s_lc.fits for TOI: 289793076
2024-10-04 11:08:28,890 - INFO - Sleeping for 2.0 seconds to respect API limits
2024-10-04 11:08:30,890 - INFO - Resuming after sleep
2024-10-04 11:08:30,891 - INFO - Processing TOI: 289793076, RA: 316.961463152312, DEC: -26.0966760700183
2024-10-04 11:08:33,718 - INFO - Downloaded DVT file: tess2018206190142-s0001-s0069-0000000289793076-00810_dvt.fits for TOI: 289793076
2024-10-04 11:08:33,718 - INFO - Sleeping for 2.0 seconds to respect API limits
2024-10-04 11:08:35,719 - INFO - Resuming after sleep
2024-10-04 11:08:35,720 - INFO - Processing TOI: 29344935, RA: 313.215470373149, DEC: -25.6873330348218
2024-10-04 11:08:41,112 - INFO - Downloaded DVT file: tess2018206190142-s0001-s0036-0000000029344935-00471_dvt.fits for TOI: 29344935
2024-10-04 11:08:41,112 - INFO - Sleeping for 2.0 seconds to respect API limits
2024-10-04 11:08:43,113 - INFO - Resuming after sleep
2024-10-04 11:08:43,113 - INFO - Processing TOI: 29344935, RA: 313.215470373149, DEC: -25.6873330348218
2024-10-04 11:08:43,692 - INFO - Downloaded LC file: tess2023209231226-s0068-0000000029344935-0262-s_lc.fits for TOI: 29344935
2024-10-04 11:08:43,692 - INFO - Sleeping for 2.0 seconds to respect API limits
2024-10-04 11:08:45,692 - INFO - Resuming after sleep
2024-10-04 11:08:45,692 - INFO - Processing TOI: 29344935, RA: 313.215470373149, DEC: -25.6873330348218
2024-10-04 11:08:46,229 - INFO - Downloaded LC file: tess2020212050318-s0028-0000000029344935-0190-s_lc.fits for TOI: 29344935
2024-10-04 11:08:46,229 - INFO - Sleeping for 2.0 seconds to respect API limits
2024-10-04 11:08:48,229 - INFO - Resuming after sleep
2024-10-04 11:08:48,230 - INFO - Processing TOI: 29344935, RA: 313.215470373149, DEC: -25.6873330348218
2024-10-04 11:08:48,845 - INFO - Downloaded LC file: tess2018206045859-s0001-0000000029344935-0120-s_lc.fits for TOI: 29344935
2024-10-04 11:08:48,845 - INFO - Sleeping for 2.0 seconds to respect API limits
2024-10-04 11:08:50,846 - INFO - Resuming after sleep
2024-10-04 11:08:50,846 - INFO - Processing TOI: 29344935, RA: 313.215470373149, DEC: -25.6873330348218
2024-10-04 11:08:53,416 - INFO - Downloaded DVT file: tess2018206190142-s0001-s0069-0000000029344935-00810_dvt.fits for TOI: 29344935
2024-10-04 11:08:53,416 - INFO - Sleeping for 2.0 seconds to respect API limits
2024-10-04 11:08:55,417 - INFO - Resuming after sleep
2024-10-04 11:08:55,418 - INFO - Processing TOI: 281459670, RA: 5.61871679195764, DEC: -59.9425681624254
2024-10-04 11:08:56,017 - INFO - Downloaded LC file: tess2018206045859-s0001-0000000281459670-0120-s_lc.fits for TOI: 281459670
2024-10-04 11:08:56,017 - INFO - Sleeping for 2.0 seconds to respect API limits
2024-10-04 11:08:58,017 - INFO - Resuming after sleep
2024-10-04 11:08:58,018 - INFO - Processing TOI: 281459670, RA: 5.61871679195764, DEC: -59.9425681624254
2024-10-04 11:08:58,558 - INFO - Downloaded LC file: tess2020212050318-s0028-0000000281459670-0190-s_lc.fits for TOI: 281459670
2024-10-04 11:08:58,558 - INFO - Sleeping for 2.0 seconds to respect API limits
2024-10-04 11:09:00,558 - INFO - Resuming after sleep
2024-10-04 11:09:00,559 - INFO - Processing TOI: 281459670, RA: 5.61871679195764, DEC: -59.9425681624254
2024-10-04 11:09:01,133 - INFO - Downloaded LC file: tess2020238165205-s0029-0000000281459670-0193-s_lc.fits for TOI: 281459670
2024-10-04 11:09:01,133 - INFO - Sleeping for 2.0 seconds to respect API limits
2024-10-04 11:09:03,133 - INFO - Resuming after sleep
2024-10-04 11:09:03,134 - INFO - Processing TOI: 281459670, RA: 5.61871679195764, DEC: -59.9425681624254
2024-10-04 11:09:03,616 - INFO - Downloaded LC file: tess2018234235059-s0002-0000000281459670-0121-s_lc.fits for TOI: 281459670
2024-10-04 11:09:03,616 - INFO - Sleeping for 2.0 seconds to respect API limits
2024-10-04 11:09:05,617 - INFO - Resuming after sleep
2024-10-04 11:09:05,617 - INFO - Processing TOI: 281459670, RA: 5.61871679195764, DEC: -59.9425681624254
2024-10-04 11:09:06,180 - INFO - Downloaded LC file: tess2023209231226-s0068-0000000281459670-0262-s_lc.fits for TOI: 281459670
2024-10-04 11:09:06,180 - INFO - Sleeping for 2.0 seconds to respect API limits
2024-10-04 11:09:08,181 - INFO - Resuming after sleep
2024-10-04 11:09:08,181 - INFO - Processing TOI: 281459670, RA: 5.61871679195764, DEC: -59.9425681624254
2024-10-04 11:09:10,575 - INFO - Downloaded DVT file: tess2018206190142-s0001-s0069-0000000281459670-00810_dvt.fits for TOI: 281459670
2024-10-04 11:09:10,575 - INFO - Sleeping for 2.0 seconds to respect API limits
2024-10-04 11:09:12,576 - INFO - Resuming after sleep
2024-10-04 11:09:12,576 - INFO - Processing TOI: 281459670, RA: 5.61871679195764, DEC: -59.9425681624254
2024-10-04 11:09:18,170 - INFO - Downloaded DVT file: tess2018206190142-s0001-s0036-0000000281459670-00471_dvt.fits for TOI: 281459670
2024-10-04 11:09:18,170 - INFO - Sleeping for 2.0 seconds to respect API limits
2024-10-04 11:09:20,170 - INFO - Resuming after sleep
2024-10-04 11:09:20,171 - INFO - Processing TOI: 355703913, RA: 0.774459635642891, DEC: -62.4693378500782
2024-10-04 11:09:20,906 - INFO - Downloaded LC file: tess2020212050318-s0028-0000000355703913-0190-s_lc.fits for TOI: 355703913
2024-10-04 11:09:20,906 - INFO - Sleeping for 2.0 seconds to respect API limits
2024-10-04 11:09:22,907 - INFO - Resuming after sleep
2024-10-04 11:09:22,907 - INFO - Processing TOI: 355703913, RA: 0.774459635642891, DEC: -62.4693378500782
2024-10-04 11:09:23,609 - INFO - Downloaded LC file: tess2018234235059-s0002-0000000355703913-0121-s_lc.fits for TOI: 355703913
2024-10-04 11:09:23,609 - INFO - Sleeping for 2.0 seconds to respect API limits
2024-10-04 11:09:25,609 - INFO - Resuming after sleep
2024-10-04 11:09:25,610 - INFO - Processing TOI: 355703913, RA: 0.774459635642891, DEC: -62.4693378500782
2024-10-04 11:09:26,192 - INFO - Downloaded LC file: tess2018206045859-s0001-0000000355703913-0120-s_lc.fits for TOI: 355703913
2024-10-04 11:09:26,192 - INFO - Sleeping for 2.0 seconds to respect API limits
2024-10-04 11:09:28,192 - INFO - Resuming after sleep
2024-10-04 11:09:28,192 - INFO - Processing TOI: 355703913, RA: 0.774459635642891, DEC: -62.4693378500782
2024-10-04 11:09:34,716 - INFO - Downloaded DVT file: tess2018206190142-s0001-s0036-0000000355703913-00471_dvt.fits for TOI: 355703913
2024-10-04 11:09:34,716 - INFO - Sleeping for 2.0 seconds to respect API limits
2024-10-04 11:09:36,716 - INFO - Resuming after sleep
2024-10-04 11:09:36,717 - INFO - Processing TOI: 355703913, RA: 0.774459635642891, DEC: -62.4693378500782
2024-10-04 11:09:37,356 - INFO - Downloaded LC file: tess2023209231226-s0068-0000000355703913-0262-s_lc.fits for TOI: 355703913
2024-10-04 11:09:37,356 - INFO - Sleeping for 2.0 seconds to respect API limits
2024-10-04 11:09:39,357 - INFO - Resuming after sleep
2024-10-04 11:09:39,357 - INFO - Processing TOI: 355703913, RA: 0.774459635642891, DEC: -62.4693378500782
2024-10-04 11:09:41,675 - INFO - Downloaded DVT file: tess2018206190142-s0001-s0069-0000000355703913-00810_dvt.fits for TOI: 355703913
2024-10-04 11:09:41,675 - INFO - Sleeping for 2.0 seconds to respect API limits
2024-10-04 11:09:43,676 - INFO - Resuming after sleep
2024-10-04 11:09:43,677 - INFO - Processing TOI: 388104525, RA: 55.93342240979, DEC: -65.1938512272516
2024-10-04 11:09:44,194 - INFO - Downloaded LC file: tess2020238165205-s0029-0000000388104525-0193-s_lc.fits for TOI: 388104525
2024-10-04 11:09:44,194 - INFO - Sleeping for 2.0 seconds to respect API limits
2024-10-04 11:09:46,194 - INFO - Resuming after sleep
2024-10-04 11:09:46,195 - INFO - Processing TOI: 388104525, RA: 55.93342240979, DEC: -65.1938512272516
2024-10-04 11:09:46,685 - INFO - Downloaded LC file: tess2018234235059-s0002-0000000388104525-0121-s_lc.fits for TOI: 388104525
2024-10-04 11:09:46,685 - INFO - Sleeping for 2.0 seconds to respect API limits
2024-10-04 11:09:48,686 - INFO - Resuming after sleep
2024-10-04 11:09:48,686 - INFO - Processing TOI: 388104525, RA: 55.93342240979, DEC: -65.1938512272516
2024-10-04 11:09:49,171 - INFO - Downloaded LC file: tess2018206045859-s0001-0000000388104525-0120-s_lc.fits for TOI: 388104525
2024-10-04 11:09:49,171 - INFO - Sleeping for 2.0 seconds to respect API limits
2024-10-04 11:09:51,171 - INFO - Resuming after sleep
2024-10-04 11:09:51,172 - INFO - Processing TOI: 388104525, RA: 55.93342240979, DEC: -65.1938512272516
2024-10-04 11:09:59,331 - INFO - Downloaded DVT file: tess2018206190142-s0001-s0039-0000000388104525-00493_dvt.fits for TOI: 388104525
2024-10-04 11:09:59,331 - INFO - Sleeping for 2.0 seconds to respect API limits
2024-10-04 11:10:01,331 - INFO - Resuming after sleep
2024-10-04 11:10:01,332 - INFO - Processing TOI: 388104525, RA: 55.93342240979, DEC: -65.1938512272516
2024-10-04 11:10:06,634 - INFO - Downloaded DVT file: tess2018206190142-s0001-s0036-0000000388104525-00471_dvt.fits for TOI: 388104525
2024-10-04 11:10:06,634 - INFO - Sleeping for 2.0 seconds to respect API limits
2024-10-04 11:10:08,634 - INFO - Resuming after sleep
2024-10-04 11:10:08,635 - INFO - Processing TOI: 388104525, RA: 55.93342240979, DEC: -65.1938512272516
2024-10-04 11:10:09,278 - INFO - Downloaded LC file: tess2018292075959-s0004-0000000388104525-0124-s_lc.fits for TOI: 388104525
2024-10-04 11:10:09,278 - INFO - Sleeping for 2.0 seconds to respect API limits
2024-10-04 11:10:11,278 - INFO - Resuming after sleep
2024-10-04 11:10:11,279 - INFO - Processing TOI: 388104525, RA: 55.93342240979, DEC: -65.1938512272516
2024-10-04 11:10:11,695 - INFO - Downloaded LC file: tess2023018032328-s0061-0000000388104525-0250-s_lc.fits for TOI: 388104525
2024-10-04 11:10:11,695 - INFO - Sleeping for 2.0 seconds to respect API limits
2024-10-04 11:10:13,695 - INFO - Resuming after sleep
2024-10-04 11:10:13,696 - INFO - Processing TOI: 388104525, RA: 55.93342240979, DEC: -65.1938512272516
2024-10-04 11:10:15,781 - INFO - Downloaded DVT file: tess2018206190142-s0001-s0013-0000000388104525-00226_dvt.fits for TOI: 388104525
2024-10-04 11:10:15,781 - INFO - Sleeping for 2.0 seconds to respect API limits
2024-10-04 11:10:17,781 - INFO - Resuming after sleep
2024-10-04 11:10:17,781 - INFO - Processing TOI: 388104525, RA: 55.93342240979, DEC: -65.1938512272516
2024-10-04 11:10:18,394 - INFO - Downloaded LC file: tess2023043185947-s0062-0000000388104525-0254-s_lc.fits for TOI: 388104525
2024-10-04 11:10:18,394 - INFO - Sleeping for 2.0 seconds to respect API limits
2024-10-04 11:10:20,394 - INFO - Resuming after sleep
2024-10-04 11:10:20,395 - INFO - Processing TOI: 388104525, RA: 55.93342240979, DEC: -65.1938512272516
2024-10-04 11:10:20,944 - INFO - Downloaded LC file: tess2018263035959-s0003-0000000388104525-0123-s_lc.fits for TOI: 388104525
2024-10-04 11:10:20,944 - INFO - Sleeping for 2.0 seconds to respect API limits
2024-10-04 11:10:22,944 - INFO - Resuming after sleep
2024-10-04 11:10:22,944 - INFO - Processing TOI: 388104525, RA: 55.93342240979, DEC: -65.1938512272516
2024-10-04 11:10:23,493 - INFO - Downloaded LC file: tess2023069172124-s0063-0000000388104525-0255-s_lc.fits for TOI: 388104525
2024-10-04 11:10:23,493 - INFO - Sleeping for 2.0 seconds to respect API limits
2024-10-04 11:10:25,494 - INFO - Resuming after sleep
2024-10-04 11:10:25,494 - INFO - Processing TOI: 388104525, RA: 55.93342240979, DEC: -65.1938512272516
2024-10-04 11:10:28,005 - INFO - Downloaded DVT file: tess2018206190142-s0001-s0065-0000000388104525-00734_dvt.fits for TOI: 388104525
2024-10-04 11:10:28,005 - INFO - Sleeping for 2.0 seconds to respect API limits
2024-10-04 11:10:30,005 - INFO - Resuming after sleep
2024-10-04 11:10:30,006 - INFO - Processing TOI: 388104525, RA: 55.93342240979, DEC: -65.1938512272516
2024-10-04 11:10:30,520 - INFO - Downloaded LC file: tess2023124020739-s0065-0000000388104525-0259-s_lc.fits for TOI: 388104525
2024-10-04 11:10:30,520 - INFO - Sleeping for 2.0 seconds to respect API limits
2024-10-04 11:10:32,520 - INFO - Resuming after sleep
2024-10-04 11:10:32,520 - INFO - Processing TOI: 388104525, RA: 55.93342240979, DEC: -65.1938512272516
2024-10-04 11:10:33,070 - INFO - Downloaded LC file: tess2019006130736-s0007-0000000388104525-0131-s_lc.fits for TOI: 388104525
2024-10-04 11:10:33,070 - INFO - Sleeping for 2.0 seconds to respect API limits
2024-10-04 11:10:35,071 - INFO - Resuming after sleep
2024-10-04 11:10:35,071 - INFO - Processing TOI: 388104525, RA: 55.93342240979, DEC: -65.1938512272516
2024-10-04 11:10:36,307 - INFO - Downloaded DVT file: tess2018206190142-s0001-s0006-0000000388104525-00196_dvt.fits for TOI: 388104525
2024-10-04 11:10:36,307 - INFO - Sleeping for 2.0 seconds to respect API limits
2024-10-04 11:10:38,307 - INFO - Resuming after sleep
2024-10-04 11:10:38,308 - INFO - Processing TOI: 388104525, RA: 55.93342240979, DEC: -65.1938512272516
2024-10-04 11:10:40,213 - INFO - Downloaded DVT file: tess2018206190142-s0001-s0009-0000000388104525-00205_dvt.fits for TOI: 388104525
2024-10-04 11:10:40,213 - INFO - Sleeping for 2.0 seconds to respect API limits
2024-10-04 11:10:42,213 - INFO - Resuming after sleep
2024-10-04 11:10:42,214 - INFO - Processing TOI: 388104525, RA: 55.93342240979, DEC: -65.1938512272516
2024-10-04 11:10:42,902 - INFO - Downloaded LC file: tess2020186164531-s0027-0000000388104525-0189-s_lc.fits for TOI: 388104525
2024-10-04 11:10:42,902 - INFO - Sleeping for 2.0 seconds to respect API limits
2024-10-04 11:10:44,903 - INFO - Resuming after sleep
2024-10-04 11:10:44,903 - INFO - Processing TOI: 388104525, RA: 55.93342240979, DEC: -65.1938512272516
2024-10-04 11:10:45,446 - INFO - Downloaded LC file: tess2021091135823-s0037-0000000388104525-0208-s_lc.fits for TOI: 388104525
2024-10-04 11:10:45,447 - INFO - Sleeping for 2.0 seconds to respect API limits
2024-10-04 11:10:47,447 - INFO - Resuming after sleep
2024-10-04 11:10:47,448 - INFO - Processing TOI: 388104525, RA: 55.93342240979, DEC: -65.1938512272516
2024-10-04 11:10:48,084 - INFO - Downloaded LC file: tess2023181235917-s0067-0000000388104525-0261-s_lc.fits for TOI: 388104525
2024-10-04 11:10:48,084 - INFO - Sleeping for 2.0 seconds to respect API limits
2024-10-04 11:10:50,084 - INFO - Resuming after sleep
2024-10-04 11:10:50,084 - INFO - Processing TOI: 388104525, RA: 55.93342240979, DEC: -65.1938512272516
2024-10-04 11:10:50,619 - INFO - Downloaded LC file: tess2023209231226-s0068-0000000388104525-0262-s_lc.fits for TOI: 388104525
2024-10-04 11:10:50,619 - INFO - Sleeping for 2.0 seconds to respect API limits
2024-10-04 11:10:52,619 - INFO - Resuming after sleep
2024-10-04 11:10:52,620 - INFO - Processing TOI: 388104525, RA: 55.93342240979, DEC: -65.1938512272516
2024-10-04 11:10:53,173 - INFO - Downloaded LC file: tess2023237165326-s0069-0000000388104525-0264-s_lc.fits for TOI: 388104525
2024-10-04 11:10:53,173 - INFO - Sleeping for 2.0 seconds to respect API limits
2024-10-04 11:10:55,173 - INFO - Resuming after sleep
2024-10-04 11:10:55,174 - INFO - Processing TOI: 388104525, RA: 55.93342240979, DEC: -65.1938512272516
2024-10-04 11:10:55,843 - INFO - Downloaded LC file: tess2020294194027-s0031-0000000388104525-0198-s_lc.fits for TOI: 388104525
2024-10-04 11:10:55,843 - INFO - Sleeping for 2.0 seconds to respect API limits
2024-10-04 11:10:57,843 - INFO - Resuming after sleep
2024-10-04 11:10:57,843 - INFO - Processing TOI: 388104525, RA: 55.93342240979, DEC: -65.1938512272516
2024-10-04 11:10:58,334 - INFO - Downloaded LC file: tess2023096110322-s0064-0000000388104525-0257-s_lc.fits for TOI: 388104525
2024-10-04 11:10:58,334 - INFO - Sleeping for 2.0 seconds to respect API limits
2024-10-04 11:11:00,335 - INFO - Resuming after sleep
2024-10-04 11:11:00,335 - INFO - Processing TOI: 388104525, RA: 55.93342240979, DEC: -65.1938512272516
2024-10-04 11:11:02,707 - INFO - Downloaded DVT file: tess2018206190142-s0001-s0069-0000000388104525-00810_dvt.fits for TOI: 388104525
2024-10-04 11:11:02,707 - INFO - Sleeping for 2.0 seconds to respect API limits
2024-10-04 11:11:04,707 - INFO - Resuming after sleep
2024-10-04 11:11:04,708 - INFO - Processing TOI: 388104525, RA: 55.93342240979, DEC: -65.1938512272516
2024-10-04 11:11:05,177 - INFO - Downloaded LC file: tess2020266004630-s0030-0000000388104525-0195-s_lc.fits for TOI: 388104525
2024-10-04 11:11:05,177 - INFO - Sleeping for 2.0 seconds to respect API limits
2024-10-04 11:11:07,177 - INFO - Resuming after sleep
2024-10-04 11:11:07,178 - INFO - Processing TOI: 388104525, RA: 55.93342240979, DEC: -65.1938512272516
2024-10-04 11:11:07,737 - INFO - Downloaded LC file: tess2021014023720-s0034-0000000388104525-0204-s_lc.fits for TOI: 388104525
2024-10-04 11:11:07,737 - INFO - Sleeping for 2.0 seconds to respect API limits
2024-10-04 11:11:09,737 - INFO - Resuming after sleep
2024-10-04 11:11:09,738 - INFO - Processing TOI: 388104525, RA: 55.93342240979, DEC: -65.1938512272516
2024-10-04 11:11:10,312 - INFO - Downloaded LC file: tess2019112060037-s0011-0000000388104525-0143-s_lc.fits for TOI: 388104525
2024-10-04 11:11:10,312 - INFO - Sleeping for 2.0 seconds to respect API limits
2024-10-04 11:11:12,312 - INFO - Resuming after sleep
2024-10-04 11:11:12,313 - INFO - Processing TOI: 388104525, RA: 55.93342240979, DEC: -65.1938512272516
2024-10-04 11:11:13,237 - INFO - Downloaded DVT file: tess2018206190142-s0001-s0003-0000000388104525-00129_dvt.fits for TOI: 388104525
2024-10-04 11:11:13,237 - INFO - Sleeping for 2.0 seconds to respect API limits
2024-10-04 11:11:15,237 - INFO - Resuming after sleep
2024-10-04 11:11:15,238 - INFO - Processing TOI: 388104525, RA: 55.93342240979, DEC: -65.1938512272516
2024-10-04 11:11:15,812 - INFO - Downloaded LC file: tess2020212050318-s0028-0000000388104525-0190-s_lc.fits for TOI: 388104525
2024-10-04 11:11:15,812 - INFO - Sleeping for 2.0 seconds to respect API limits
2024-10-04 11:11:17,812 - INFO - Resuming after sleep
2024-10-04 11:11:17,813 - INFO - Processing TOI: 97409519, RA: 332.714340885726, DEC: -30.7496563586763
2024-10-04 11:11:18,400 - INFO - Downloaded LC file: tess2023209231226-s0068-0000000097409519-0262-s_lc.fits for TOI: 97409519
2024-10-04 11:11:18,400 - INFO - Sleeping for 2.0 seconds to respect API limits
2024-10-04 11:11:20,401 - INFO - Resuming after sleep
2024-10-04 11:11:20,402 - INFO - Processing TOI: 97409519, RA: 332.714340885726, DEC: -30.7496563586763
2024-10-04 11:11:23,006 - INFO - Downloaded DVT file: tess2018206190142-s0001-s0069-0000000097409519-00810_dvt.fits for TOI: 97409519
2024-10-04 11:11:23,006 - INFO - Sleeping for 2.0 seconds to respect API limits
2024-10-04 11:11:25,007 - INFO - Resuming after sleep
2024-10-04 11:11:25,007 - INFO - Processing TOI: 97409519, RA: 332.714340885726, DEC: -30.7496563586763
2024-10-04 11:11:25,622 - INFO - Downloaded LC file: tess2018206045859-s0001-0000000097409519-0120-s_lc.fits for TOI: 97409519
2024-10-04 11:11:25,622 - INFO - Sleeping for 2.0 seconds to respect API limits
2024-10-04 11:11:27,622 - INFO - Resuming after sleep
2024-10-04 11:11:27,622 - INFO - Processing TOI: 25155310, RA: 63.3739396231274, DEC: -69.226822697583
2024-10-04 11:11:29,856 - INFO - Downloaded DVT file: tess2018206190142-s0001-s0013-0000000025155310-00226_dvt.fits for TOI: 25155310
2024-10-04 11:11:29,857 - INFO - Sleeping for 2.0 seconds to respect API limits
2024-10-04 11:11:31,857 - INFO - Resuming after sleep
2024-10-04 11:11:31,858 - INFO - Processing TOI: 25155310, RA: 63.3739396231274, DEC: -69.226822697583
2024-10-04 11:11:32,292 - INFO - Downloaded LC file: tess2023096110322-s0064-0000000025155310-0257-s_lc.fits for TOI: 25155310
2024-10-04 11:11:32,292 - INFO - Sleeping for 2.0 seconds to respect API limits
2024-10-04 11:11:34,292 - INFO - Resuming after sleep
2024-10-04 11:11:34,293 - INFO - Processing TOI: 25155310, RA: 63.3739396231274, DEC: -69.226822697583
2024-10-04 11:11:35,023 - INFO - Downloaded LC file: tess2019085135100-s0010-0000000025155310-0140-s_lc.fits for TOI: 25155310
2024-10-04 11:11:35,023 - INFO - Sleeping for 2.0 seconds to respect API limits
2024-10-04 11:11:37,023 - INFO - Resuming after sleep
2024-10-04 11:11:37,023 - INFO - Processing TOI: 25155310, RA: 63.3739396231274, DEC: -69.226822697583
2024-10-04 11:11:37,550 - INFO - Downloaded LC file: tess2021146024351-s0039-0000000025155310-0210-s_lc.fits for TOI: 25155310
2024-10-04 11:11:37,550 - INFO - Sleeping for 2.0 seconds to respect API limits
2024-10-04 11:11:39,550 - INFO - Resuming after sleep
2024-10-04 11:11:39,551 - INFO - Processing TOI: 25155310, RA: 63.3739396231274, DEC: -69.226822697583
2024-10-04 11:11:40,102 - INFO - Downloaded LC file: tess2019032160000-s0008-0000000025155310-0136-s_lc.fits for TOI: 25155310
2024-10-04 11:11:40,102 - INFO - Sleeping for 2.0 seconds to respect API limits
2024-10-04 11:11:42,103 - INFO - Resuming after sleep
2024-10-04 11:11:42,103 - INFO - Processing TOI: 25155310, RA: 63.3739396231274, DEC: -69.226822697583
2024-10-04 11:11:42,789 - INFO - Downloaded LC file: tess2019058134432-s0009-0000000025155310-0139-s_lc.fits for TOI: 25155310
2024-10-04 11:11:42,789 - INFO - Sleeping for 2.0 seconds to respect API limits
2024-10-04 11:11:44,790 - INFO - Resuming after sleep
2024-10-04 11:11:44,791 - INFO - Processing TOI: 25155310, RA: 63.3739396231274, DEC: -69.226822697583
2024-10-04 11:11:45,436 - INFO - Downloaded LC file: tess2019112060037-s0011-0000000025155310-0143-s_lc.fits for TOI: 25155310
2024-10-04 11:11:45,436 - INFO - Sleeping for 2.0 seconds to respect API limits
2024-10-04 11:11:47,436 - INFO - Resuming after sleep
2024-10-04 11:11:47,437 - INFO - Processing TOI: 25155310, RA: 63.3739396231274, DEC: -69.226822697583
2024-10-04 11:11:47,900 - INFO - Downloaded LC file: tess2020324010417-s0032-0000000025155310-0200-s_lc.fits for TOI: 25155310
2024-10-04 11:11:47,900 - INFO - Sleeping for 2.0 seconds to respect API limits
2024-10-04 11:11:49,900 - INFO - Resuming after sleep
2024-10-04 11:11:49,900 - INFO - Processing TOI: 25155310, RA: 63.3739396231274, DEC: -69.226822697583
2024-10-04 11:11:56,109 - INFO - Downloaded DVT file: tess2018206190142-s0001-s0039-0000000025155310-00493_dvt.fits for TOI: 25155310
2024-10-04 11:11:56,109 - INFO - Sleeping for 2.0 seconds to respect API limits
2024-10-04 11:11:58,109 - INFO - Resuming after sleep
2024-10-04 11:11:58,110 - INFO - Processing TOI: 25155310, RA: 63.3739396231274, DEC: -69.226822697583
2024-10-04 11:11:58,762 - INFO - Downloaded LC file: tess2023124020739-s0065-0000000025155310-0259-s_lc.fits for TOI: 25155310
2024-10-04 11:11:58,762 - INFO - Sleeping for 2.0 seconds to respect API limits
2024-10-04 11:12:00,762 - INFO - Resuming after sleep
2024-10-04 11:12:00,763 - INFO - Processing TOI: 25155310, RA: 63.3739396231274, DEC: -69.226822697583
2024-10-04 11:12:01,273 - INFO - Downloaded LC file: tess2020212050318-s0028-0000000025155310-0190-s_lc.fits for TOI: 25155310
2024-10-04 11:12:01,273 - INFO - Sleeping for 2.0 seconds to respect API limits
2024-10-04 11:12:03,273 - INFO - Resuming after sleep
2024-10-04 11:12:03,274 - INFO - Processing TOI: 25155310, RA: 63.3739396231274, DEC: -69.226822697583
2024-10-04 11:12:03,793 - INFO - Downloaded LC file: tess2018234235059-s0002-0000000025155310-0121-s_lc.fits for TOI: 25155310
2024-10-04 11:12:03,793 - INFO - Sleeping for 2.0 seconds to respect API limits
2024-10-04 11:12:05,794 - INFO - Resuming after sleep
2024-10-04 11:12:05,795 - INFO - Processing TOI: 25155310, RA: 63.3739396231274, DEC: -69.226822697583
2024-10-04 11:12:11,454 - INFO - Downloaded DVT file: tess2018206190142-s0001-s0036-0000000025155310-00471_dvt.fits for TOI: 25155310
2024-10-04 11:12:11,454 - INFO - Sleeping for 2.0 seconds to respect API limits
2024-10-04 11:12:13,454 - INFO - Resuming after sleep
2024-10-04 11:12:13,455 - INFO - Processing TOI: 25155310, RA: 63.3739396231274, DEC: -69.226822697583
2024-10-04 11:12:14,200 - INFO - Downloaded LC file: tess2020186164531-s0027-0000000025155310-0189-s_lc.fits for TOI: 25155310
2024-10-04 11:12:14,200 - INFO - Sleeping for 2.0 seconds to respect API limits
2024-10-04 11:12:16,200 - INFO - Resuming after sleep
2024-10-04 11:12:16,201 - INFO - Processing TOI: 25155310, RA: 63.3739396231274, DEC: -69.226822697583
2024-10-04 11:12:16,802 - INFO - Downloaded LC file: tess2023153011303-s0066-0000000025155310-0260-s_lc.fits for TOI: 25155310
2024-10-04 11:12:16,802 - INFO - Sleeping for 2.0 seconds to respect API limits
2024-10-04 11:12:18,803 - INFO - Resuming after sleep
2024-10-04 11:12:18,804 - INFO - Processing TOI: 25155310, RA: 63.3739396231274, DEC: -69.226822697583
2024-10-04 11:12:19,560 - INFO - Downloaded LC file: tess2021118034608-s0038-0000000025155310-0209-s_lc.fits for TOI: 25155310
2024-10-04 11:12:19,560 - INFO - Sleeping for 2.0 seconds to respect API limits
2024-10-04 11:12:21,560 - INFO - Resuming after sleep
2024-10-04 11:12:21,561 - INFO - Processing TOI: 25155310, RA: 63.3739396231274, DEC: -69.226822697583
2024-10-04 11:12:22,151 - INFO - Downloaded LC file: tess2020238165205-s0029-0000000025155310-0193-s_lc.fits for TOI: 25155310
2024-10-04 11:12:22,151 - INFO - Sleeping for 2.0 seconds to respect API limits
2024-10-04 11:12:24,151 - INFO - Resuming after sleep
2024-10-04 11:12:24,152 - INFO - Processing TOI: 25155310, RA: 63.3739396231274, DEC: -69.226822697583
2024-10-04 11:12:24,882 - INFO - Downloaded LC file: tess2019006130736-s0007-0000000025155310-0131-s_lc.fits for TOI: 25155310
2024-10-04 11:12:24,883 - INFO - Sleeping for 2.0 seconds to respect API limits
2024-10-04 11:12:26,883 - INFO - Resuming after sleep
2024-10-04 11:12:26,884 - INFO - Processing TOI: 25155310, RA: 63.3739396231274, DEC: -69.226822697583
2024-10-04 11:12:27,447 - INFO - Downloaded LC file: tess2018349182500-s0006-0000000025155310-0126-s_lc.fits for TOI: 25155310
2024-10-04 11:12:27,447 - INFO - Sleeping for 2.0 seconds to respect API limits
2024-10-04 11:12:29,448 - INFO - Resuming after sleep
2024-10-04 11:12:29,448 - INFO - Processing TOI: 25155310, RA: 63.3739396231274, DEC: -69.226822697583
2024-10-04 11:12:31,520 - INFO - Downloaded LC file: tess2020294194027-s0031-0000000025155310-0198-s_lc.fits for TOI: 25155310
2024-10-04 11:12:31,520 - INFO - Sleeping for 2.0 seconds to respect API limits
2024-10-04 11:12:33,521 - INFO - Resuming after sleep
2024-10-04 11:12:33,521 - INFO - Processing TOI: 25155310, RA: 63.3739396231274, DEC: -69.226822697583
2024-10-04 11:12:35,083 - INFO - Downloaded LC file: tess2020266004630-s0030-0000000025155310-0195-s_lc.fits for TOI: 25155310
2024-10-04 11:12:35,083 - INFO - Sleeping for 2.0 seconds to respect API limits
2024-10-04 11:12:37,084 - INFO - Resuming after sleep
2024-10-04 11:12:37,085 - INFO - Processing TOI: 25155310, RA: 63.3739396231274, DEC: -69.226822697583
2024-10-04 11:12:37,542 - INFO - Downloaded LC file: tess2018319095959-s0005-0000000025155310-0125-s_lc.fits for TOI: 25155310
2024-10-04 11:12:37,542 - INFO - Sleeping for 2.0 seconds to respect API limits
2024-10-04 11:12:39,543 - INFO - Resuming after sleep
2024-10-04 11:12:39,543 - INFO - Processing TOI: 25155310, RA: 63.3739396231274, DEC: -69.226822697583
2024-10-04 11:12:40,086 - INFO - Downloaded LC file: tess2019140104343-s0012-0000000025155310-0144-s_lc.fits for TOI: 25155310
2024-10-04 11:12:40,086 - INFO - Sleeping for 2.0 seconds to respect API limits
2024-10-04 11:12:42,086 - INFO - Resuming after sleep
2024-10-04 11:12:42,086 - INFO - Processing TOI: 25155310, RA: 63.3739396231274, DEC: -69.226822697583
2024-10-04 11:12:42,666 - INFO - Downloaded LC file: tess2023018032328-s0061-0000000025155310-0250-s_lc.fits for TOI: 25155310
2024-10-04 11:12:42,666 - INFO - Sleeping for 2.0 seconds to respect API limits
2024-10-04 11:12:44,667 - INFO - Resuming after sleep
2024-10-04 11:12:44,667 - INFO - Processing TOI: 25155310, RA: 63.3739396231274, DEC: -69.226822697583
2024-10-04 11:12:46,971 - INFO - Downloaded DVT file: tess2018206190142-s0001-s0065-0000000025155310-00728_dvt.fits for TOI: 25155310
2024-10-04 11:12:46,971 - INFO - Sleeping for 2.0 seconds to respect API limits
2024-10-04 11:12:48,972 - INFO - Resuming after sleep
2024-10-04 11:12:48,973 - INFO - Processing TOI: 25155310, RA: 63.3739396231274, DEC: -69.226822697583
2024-10-04 11:12:49,415 - INFO - Downloaded LC file: tess2020351194500-s0033-0000000025155310-0203-s_lc.fits for TOI: 25155310
2024-10-04 11:12:49,415 - INFO - Sleeping for 2.0 seconds to respect API limits
2024-10-04 11:12:51,417 - INFO - Resuming after sleep
2024-10-04 11:12:51,417 - INFO - Processing TOI: 25155310, RA: 63.3739396231274, DEC: -69.226822697583
2024-10-04 11:12:51,872 - INFO - Downloaded LC file: tess2021065132309-s0036-0000000025155310-0207-s_lc.fits for TOI: 25155310
2024-10-04 11:12:51,872 - INFO - Sleeping for 2.0 seconds to respect API limits
2024-10-04 11:12:53,872 - INFO - Resuming after sleep
2024-10-04 11:12:53,872 - INFO - Processing TOI: 25155310, RA: 63.3739396231274, DEC: -69.226822697583
2024-10-04 11:12:55,463 - INFO - Downloaded DVT file: tess2018206190142-s0001-s0009-0000000025155310-00205_dvt.fits for TOI: 25155310
2024-10-04 11:12:55,463 - INFO - Sleeping for 2.0 seconds to respect API limits
2024-10-04 11:12:57,463 - INFO - Resuming after sleep
2024-10-04 11:12:57,464 - INFO - Processing TOI: 25155310, RA: 63.3739396231274, DEC: -69.226822697583
2024-10-04 11:12:57,918 - INFO - Downloaded LC file: tess2021014023720-s0034-0000000025155310-0204-s_lc.fits for TOI: 25155310
2024-10-04 11:12:57,918 - INFO - Sleeping for 2.0 seconds to respect API limits
2024-10-04 11:12:59,918 - INFO - Resuming after sleep
2024-10-04 11:12:59,919 - INFO - Processing TOI: 25155310, RA: 63.3739396231274, DEC: -69.226822697583
2024-10-04 11:13:00,397 - INFO - Downloaded LC file: tess2019169103026-s0013-0000000025155310-0146-s_lc.fits for TOI: 25155310
2024-10-04 11:13:00,397 - INFO - Sleeping for 2.0 seconds to respect API limits
2024-10-04 11:13:02,398 - INFO - Resuming after sleep
2024-10-04 11:13:02,398 - INFO - Processing TOI: 25155310, RA: 63.3739396231274, DEC: -69.226822697583
2024-10-04 11:13:03,672 - INFO - Downloaded DVT file: tess2018206190142-s0001-s0006-0000000025155310-00196_dvt.fits for TOI: 25155310
2024-10-04 11:13:03,672 - INFO - Sleeping for 2.0 seconds to respect API limits
2024-10-04 11:13:05,672 - INFO - Resuming after sleep
2024-10-04 11:13:05,672 - INFO - Processing TOI: 25155310, RA: 63.3739396231274, DEC: -69.226822697583
2024-10-04 11:13:06,182 - INFO - Downloaded LC file: tess2023181235917-s0067-0000000025155310-0261-s_lc.fits for TOI: 25155310
2024-10-04 11:13:06,182 - INFO - Sleeping for 2.0 seconds to respect API limits
2024-10-04 11:13:08,182 - INFO - Resuming after sleep
2024-10-04 11:13:08,183 - INFO - Processing TOI: 25155310, RA: 63.3739396231274, DEC: -69.226822697583
2024-10-04 11:13:10,976 - INFO - Downloaded DVT file: tess2018206190142-s0001-s0069-0000000025155310-00810_dvt.fits for TOI: 25155310
2024-10-04 11:13:10,976 - INFO - Sleeping for 2.0 seconds to respect API limits
2024-10-04 11:13:12,977 - INFO - Resuming after sleep
2024-10-04 11:13:12,978 - INFO - Processing TOI: 25155310, RA: 63.3739396231274, DEC: -69.226822697583
2024-10-04 11:13:13,544 - INFO - Downloaded LC file: tess2023069172124-s0063-0000000025155310-0255-s_lc.fits for TOI: 25155310
2024-10-04 11:13:13,544 - INFO - Sleeping for 2.0 seconds to respect API limits
2024-10-04 11:13:15,544 - INFO - Resuming after sleep
2024-10-04 11:13:15,544 - INFO - Processing TOI: 25155310, RA: 63.3739396231274, DEC: -69.226822697583
2024-10-04 11:13:16,076 - INFO - Downloaded LC file: tess2021091135823-s0037-0000000025155310-0208-s_lc.fits for TOI: 25155310
2024-10-04 11:13:16,077 - INFO - Sleeping for 2.0 seconds to respect API limits
2024-10-04 11:13:18,077 - INFO - Resuming after sleep
2024-10-04 11:13:18,078 - INFO - Processing TOI: 25155310, RA: 63.3739396231274, DEC: -69.226822697583
2024-10-04 11:13:18,589 - INFO - Downloaded LC file: tess2018206045859-s0001-0000000025155310-0120-s_lc.fits for TOI: 25155310
2024-10-04 11:13:18,589 - INFO - Sleeping for 2.0 seconds to respect API limits
2024-10-04 11:13:20,590 - INFO - Resuming after sleep
2024-10-04 11:13:20,590 - INFO - Processing TOI: 25155310, RA: 63.3739396231274, DEC: -69.226822697583
2024-10-04 11:13:21,104 - INFO - Downloaded LC file: tess2018263035959-s0003-0000000025155310-0123-s_lc.fits for TOI: 25155310
2024-10-04 11:13:21,104 - INFO - Sleeping for 2.0 seconds to respect API limits
2024-10-04 11:13:23,104 - INFO - Resuming after sleep
2024-10-04 11:13:23,104 - INFO - Processing TOI: 25155310, RA: 63.3739396231274, DEC: -69.226822697583
2024-10-04 11:13:23,889 - INFO - Downloaded DVT file: tess2018206190142-s0001-s0003-0000000025155310-00129_dvt.fits for TOI: 25155310
2024-10-04 11:13:23,889 - INFO - Sleeping for 2.0 seconds to respect API limits
2024-10-04 11:13:25,889 - INFO - Resuming after sleep
2024-10-04 11:13:25,889 - INFO - Processing TOI: 25155310, RA: 63.3739396231274, DEC: -69.226822697583
2024-10-04 11:13:26,520 - INFO - Downloaded LC file: tess2023209231226-s0068-0000000025155310-0262-s_lc.fits for TOI: 25155310
2024-10-04 11:13:26,520 - INFO - Sleeping for 2.0 seconds to respect API limits
2024-10-04 11:13:28,521 - INFO - Resuming after sleep
2024-10-04 11:13:28,522 - INFO - Processing TOI: 25155310, RA: 63.3739396231274, DEC: -69.226822697583
2024-10-04 11:13:29,018 - INFO - Downloaded LC file: tess2018292075959-s0004-0000000025155310-0124-s_lc.fits for TOI: 25155310
2024-10-04 11:13:29,018 - INFO - Sleeping for 2.0 seconds to respect API limits
2024-10-04 11:13:31,018 - INFO - Resuming after sleep
2024-10-04 11:13:31,019 - INFO - Processing TOI: 25155310, RA: 63.3739396231274, DEC: -69.226822697583
2024-10-04 11:13:31,460 - INFO - Downloaded LC file: tess2023237165326-s0069-0000000025155310-0264-s_lc.fits for TOI: 25155310
2024-10-04 11:13:31,460 - INFO - Sleeping for 2.0 seconds to respect API limits
2024-10-04 11:13:33,460 - INFO - Resuming after sleep
2024-10-04 11:13:33,461 - INFO - Data Fetch Completed......
